[main] 2021-08-18 11:37:41 INFO  com.app.main.MainApp  - welcom to shoping app
[main] 2021-08-18 11:37:41 INFO  com.app.main.MainApp  - ==================================
[main] 2021-08-18 11:37:41 INFO  com.app.main.MainApp  - 1) Employee login
[main] 2021-08-18 11:37:41 INFO  com.app.main.MainApp  - 2) Customer login
[main] 2021-08-18 11:37:41 INFO  com.app.main.MainApp  - 3) Customer registration
[main] 2021-08-18 11:37:41 INFO  com.app.main.MainApp  - 4) Exit
[main] 2021-08-18 11:37:41 INFO  com.app.main.MainApp  - Enter your choice (1-4)
[main] 2021-08-18 11:37:52 INFO  com.app.main.MainApp  - Enter email id:
[main] 2021-08-18 11:38:21 INFO  com.app.main.MainApp  - Enter Password
[main] 2021-08-18 11:38:40 INFO  com.app.main.MainApp  - Invalid email or password
[main] 2021-08-18 11:38:40 INFO  com.app.main.MainApp  - 1) Employee login
[main] 2021-08-18 11:38:40 INFO  com.app.main.MainApp  - 2) Customer login
[main] 2021-08-18 11:38:40 INFO  com.app.main.MainApp  - 3) Customer registration
[main] 2021-08-18 11:38:40 INFO  com.app.main.MainApp  - 4) Exit
[main] 2021-08-18 11:38:40 INFO  com.app.main.MainApp  - Enter your choice (1-4)
[main] 2021-08-18 11:39:29 INFO  com.app.main.MainApp  - Enter email id:
[main] 2021-08-18 11:39:32 INFO  com.app.main.MainApp  - Enter Password
[main] 2021-08-18 11:39:42 INFO  com.app.main.MainApp  - Invalid email or password
[main] 2021-08-18 11:39:42 INFO  com.app.main.MainApp  - 1) Employee login
[main] 2021-08-18 11:39:42 INFO  com.app.main.MainApp  - 2) Customer login
[main] 2021-08-18 11:39:42 INFO  com.app.main.MainApp  - 3) Customer registration
[main] 2021-08-18 11:39:42 INFO  com.app.main.MainApp  - 4) Exit
[main] 2021-08-18 11:39:42 INFO  com.app.main.MainApp  - Enter your choice (1-4)
[main] 2021-08-18 11:43:59 INFO  com.app.main.MainApp  - welcom to shoping app
[main] 2021-08-18 11:43:59 INFO  com.app.main.MainApp  - ==================================
[main] 2021-08-18 11:43:59 INFO  com.app.main.MainApp  - 1) Employee login
[main] 2021-08-18 11:43:59 INFO  com.app.main.MainApp  - 2) Customer login
[main] 2021-08-18 11:43:59 INFO  com.app.main.MainApp  - 3) Customer registration
[main] 2021-08-18 11:43:59 INFO  com.app.main.MainApp  - 4) Exit
[main] 2021-08-18 11:43:59 INFO  com.app.main.MainApp  - Enter your choice (1-4)
[main] 2021-08-18 11:44:02 INFO  com.app.main.MainApp  - Enter email id:
[main] 2021-08-18 11:44:08 INFO  com.app.main.MainApp  - Enter Password
[main] 2021-08-18 11:44:17 INFO  com.app.main.MainApp  - Invalid email or password
[main] 2021-08-18 11:44:17 INFO  com.app.main.MainApp  - 1) Employee login
[main] 2021-08-18 11:44:17 INFO  com.app.main.MainApp  - 2) Customer login
[main] 2021-08-18 11:44:17 INFO  com.app.main.MainApp  - 3) Customer registration
[main] 2021-08-18 11:44:17 INFO  com.app.main.MainApp  - 4) Exit
[main] 2021-08-18 11:44:17 INFO  com.app.main.MainApp  - Enter your choice (1-4)
[main] 2021-08-18 11:45:45 INFO  com.app.main.MainApp  - welcom to shoping app
[main] 2021-08-18 11:45:45 INFO  com.app.main.MainApp  - ==================================
[main] 2021-08-18 11:45:45 INFO  com.app.main.MainApp  - 1) Employee login
[main] 2021-08-18 11:45:45 INFO  com.app.main.MainApp  - 2) Customer login
[main] 2021-08-18 11:45:45 INFO  com.app.main.MainApp  - 3) Customer registration
[main] 2021-08-18 11:45:45 INFO  com.app.main.MainApp  - 4) Exit
[main] 2021-08-18 11:45:45 INFO  com.app.main.MainApp  - Enter your choice (1-4)
[main] 2021-08-18 11:45:48 INFO  com.app.main.MainApp  - Enter email id:
[main] 2021-08-18 11:45:57 INFO  com.app.main.MainApp  - Enter Password
[main] 2021-08-18 11:46:05 INFO  com.app.main.MainApp  - Invalid email or password
[main] 2021-08-18 11:46:05 INFO  com.app.main.MainApp  - 1) Employee login
[main] 2021-08-18 11:46:05 INFO  com.app.main.MainApp  - 2) Customer login
[main] 2021-08-18 11:46:05 INFO  com.app.main.MainApp  - 3) Customer registration
[main] 2021-08-18 11:46:05 INFO  com.app.main.MainApp  - 4) Exit
[main] 2021-08-18 11:46:05 INFO  com.app.main.MainApp  - Enter your choice (1-4)
[main] 2021-08-18 12:02:52 INFO  com.app.main.MainApp  - welcom to shoping app
[main] 2021-08-18 12:02:52 INFO  com.app.main.MainApp  - ==================================
[main] 2021-08-18 12:02:52 INFO  com.app.main.MainApp  - 1) Employee login
[main] 2021-08-18 12:02:52 INFO  com.app.main.MainApp  - 2) Customer login
[main] 2021-08-18 12:02:52 INFO  com.app.main.MainApp  - 3) Customer registration
[main] 2021-08-18 12:02:52 INFO  com.app.main.MainApp  - 4) Exit
[main] 2021-08-18 12:02:52 INFO  com.app.main.MainApp  - Enter your choice (1-4)
[main] 2021-08-18 12:03:02 INFO  com.app.main.MainApp  - Enter email id:
[main] 2021-08-18 12:03:10 INFO  com.app.main.MainApp  - Enter Password
[main] 2021-08-18 12:03:17 INFO  com.app.main.MainApp  - Invalid email or password
[main] 2021-08-18 12:03:17 INFO  com.app.main.MainApp  - 1) Employee login
[main] 2021-08-18 12:03:17 INFO  com.app.main.MainApp  - 2) Customer login
[main] 2021-08-18 12:03:17 INFO  com.app.main.MainApp  - 3) Customer registration
[main] 2021-08-18 12:03:17 INFO  com.app.main.MainApp  - 4) Exit
[main] 2021-08-18 12:03:17 INFO  com.app.main.MainApp  - Enter your choice (1-4)
[main] 2021-08-18 12:37:10 INFO  com.app.main.MainApp  - welcom to shoping app
[main] 2021-08-18 12:37:10 INFO  com.app.main.MainApp  - ==================================
[main] 2021-08-18 12:37:10 INFO  com.app.main.MainApp  - 1) Employee login
[main] 2021-08-18 12:37:10 INFO  com.app.main.MainApp  - 2) Customer login
[main] 2021-08-18 12:37:10 INFO  com.app.main.MainApp  - 3) Customer registration
[main] 2021-08-18 12:37:10 INFO  com.app.main.MainApp  - 4) Exit
[main] 2021-08-18 12:37:10 INFO  com.app.main.MainApp  - Enter your choice (1-4)
[main] 2021-08-18 12:37:14 INFO  com.app.main.MainApp  - Enter email id:
[main] 2021-08-18 12:37:23 INFO  com.app.main.MainApp  - Enter Password
[main] 2021-08-18 12:37:28 INFO  com.app.main.MainApp  - Invalid email or password
[main] 2021-08-18 12:37:28 INFO  com.app.main.MainApp  - 1) Employee login
[main] 2021-08-18 12:37:28 INFO  com.app.main.MainApp  - 2) Customer login
[main] 2021-08-18 12:37:28 INFO  com.app.main.MainApp  - 3) Customer registration
[main] 2021-08-18 12:37:28 INFO  com.app.main.MainApp  - 4) Exit
[main] 2021-08-18 12:37:28 INFO  com.app.main.MainApp  - Enter your choice (1-4)
[main] 2021-08-18 12:38:41 INFO  com.app.main.MainApp  - welcom to shoping app
[main] 2021-08-18 12:38:41 INFO  com.app.main.MainApp  - ==================================
[main] 2021-08-18 12:38:41 INFO  com.app.main.MainApp  - 1) Employee login
[main] 2021-08-18 12:38:41 INFO  com.app.main.MainApp  - 2) Customer login
[main] 2021-08-18 12:38:41 INFO  com.app.main.MainApp  - 3) Customer registration
[main] 2021-08-18 12:38:41 INFO  com.app.main.MainApp  - 4) Exit
[main] 2021-08-18 12:38:41 INFO  com.app.main.MainApp  - Enter your choice (1-4)
[main] 2021-08-18 12:38:45 INFO  com.app.main.MainApp  - Enter email id:
[main] 2021-08-18 12:38:49 INFO  com.app.main.MainApp  - Enter Password
[main] 2021-08-18 12:38:56 INFO  com.app.main.MainApp  - Invalid email or password
[main] 2021-08-18 12:38:56 INFO  com.app.main.MainApp  - 1) Employee login
[main] 2021-08-18 12:38:56 INFO  com.app.main.MainApp  - 2) Customer login
[main] 2021-08-18 12:38:56 INFO  com.app.main.MainApp  - 3) Customer registration
[main] 2021-08-18 12:38:56 INFO  com.app.main.MainApp  - 4) Exit
[main] 2021-08-18 12:38:56 INFO  com.app.main.MainApp  - Enter your choice (1-4)
[main] 2021-08-18 12:42:49 INFO  com.app.main.MainApp  - welcom to shoping app
[main] 2021-08-18 12:42:49 INFO  com.app.main.MainApp  - ==================================
[main] 2021-08-18 12:42:49 INFO  com.app.main.MainApp  - 1) Employee login
[main] 2021-08-18 12:42:49 INFO  com.app.main.MainApp  - 2) Customer login
[main] 2021-08-18 12:42:49 INFO  com.app.main.MainApp  - 3) Customer registration
[main] 2021-08-18 12:42:49 INFO  com.app.main.MainApp  - 4) Exit
[main] 2021-08-18 12:42:49 INFO  com.app.main.MainApp  - Enter your choice (1-4)
[main] 2021-08-18 12:42:54 INFO  com.app.main.MainApp  - Enter email id:
[main] 2021-08-18 12:43:01 INFO  com.app.main.MainApp  - Enter Password
[main] 2021-08-18 12:43:06 INFO  com.app.main.MainApp  - Invalid email or password
[main] 2021-08-18 12:43:06 INFO  com.app.main.MainApp  - 1) Employee login
[main] 2021-08-18 12:43:06 INFO  com.app.main.MainApp  - 2) Customer login
[main] 2021-08-18 12:43:06 INFO  com.app.main.MainApp  - 3) Customer registration
[main] 2021-08-18 12:43:06 INFO  com.app.main.MainApp  - 4) Exit
[main] 2021-08-18 12:43:06 INFO  com.app.main.MainApp  - Enter your choice (1-4)
[main] 2021-08-18 12:44:19 INFO  com.app.main.MainApp  - welcom to shoping app
[main] 2021-08-18 12:44:19 INFO  com.app.main.MainApp  - ==================================
[main] 2021-08-18 12:44:19 INFO  com.app.main.MainApp  - 1) Employee login
[main] 2021-08-18 12:44:19 INFO  com.app.main.MainApp  - 2) Customer login
[main] 2021-08-18 12:44:19 INFO  com.app.main.MainApp  - 3) Customer registration
[main] 2021-08-18 12:44:19 INFO  com.app.main.MainApp  - 4) Exit
[main] 2021-08-18 12:44:19 INFO  com.app.main.MainApp  - Enter your choice (1-4)
[main] 2021-08-18 12:44:22 INFO  com.app.main.MainApp  - Enter email id:
[main] 2021-08-18 12:44:29 INFO  com.app.main.MainApp  - Enter Password
[main] 2021-08-18 12:44:36 INFO  com.app.main.MainApp  - Invalid email or password
[main] 2021-08-18 12:44:36 INFO  com.app.main.MainApp  - 1) Employee login
[main] 2021-08-18 12:44:36 INFO  com.app.main.MainApp  - 2) Customer login
[main] 2021-08-18 12:44:36 INFO  com.app.main.MainApp  - 3) Customer registration
[main] 2021-08-18 12:44:36 INFO  com.app.main.MainApp  - 4) Exit
[main] 2021-08-18 12:44:36 INFO  com.app.main.MainApp  - Enter your choice (1-4)
[main] 2021-08-18 12:52:39 INFO  com.app.main.MainApp  - welcom to shoping app
[main] 2021-08-18 12:52:39 INFO  com.app.main.MainApp  - ==================================
[main] 2021-08-18 12:52:39 INFO  com.app.main.MainApp  - 1) Employee login
[main] 2021-08-18 12:52:39 INFO  com.app.main.MainApp  - 2) Customer login
[main] 2021-08-18 12:52:39 INFO  com.app.main.MainApp  - 3) Customer registration
[main] 2021-08-18 12:52:39 INFO  com.app.main.MainApp  - 4) Exit
[main] 2021-08-18 12:52:39 INFO  com.app.main.MainApp  - Enter your choice (1-4)
[main] 2021-08-18 12:52:50 INFO  com.app.main.MainApp  - Enter email id:
[main] 2021-08-18 12:52:55 INFO  com.app.main.MainApp  - Enter Password
[main] 2021-08-18 12:53:01 INFO  com.app.main.MainApp  - Invalid email or password
[main] 2021-08-18 12:53:01 INFO  com.app.main.MainApp  - 1) Employee login
[main] 2021-08-18 12:53:01 INFO  com.app.main.MainApp  - 2) Customer login
[main] 2021-08-18 12:53:01 INFO  com.app.main.MainApp  - 3) Customer registration
[main] 2021-08-18 12:53:01 INFO  com.app.main.MainApp  - 4) Exit
[main] 2021-08-18 12:53:01 INFO  com.app.main.MainApp  - Enter your choice (1-4)
[main] 2021-08-18 12:53:29 INFO  com.app.main.MainApp  - welcom to shoping app
[main] 2021-08-18 12:53:29 INFO  com.app.main.MainApp  - ==================================
[main] 2021-08-18 12:53:29 INFO  com.app.main.MainApp  - 1) Employee login
[main] 2021-08-18 12:53:29 INFO  com.app.main.MainApp  - 2) Customer login
[main] 2021-08-18 12:53:29 INFO  com.app.main.MainApp  - 3) Customer registration
[main] 2021-08-18 12:53:29 INFO  com.app.main.MainApp  - 4) Exit
[main] 2021-08-18 12:53:29 INFO  com.app.main.MainApp  - Enter your choice (1-4)
[main] 2021-08-18 12:53:39 INFO  com.app.main.MainApp  - Under Constuction
[main] 2021-08-18 12:53:39 INFO  com.app.main.MainApp  - 1) Employee login
[main] 2021-08-18 12:53:39 INFO  com.app.main.MainApp  - 2) Customer login
[main] 2021-08-18 12:53:39 INFO  com.app.main.MainApp  - 3) Customer registration
[main] 2021-08-18 12:53:39 INFO  com.app.main.MainApp  - 4) Exit
[main] 2021-08-18 12:53:39 INFO  com.app.main.MainApp  - Enter your choice (1-4)
[main] 2021-08-18 12:53:47 INFO  com.app.main.MainApp  - Enter email id:
[main] 2021-08-18 12:54:15 INFO  com.app.main.MainApp  - Enter Password
[main] 2021-08-18 12:54:27 INFO  com.app.main.MainApp  - Invalid email or password
[main] 2021-08-18 12:54:27 INFO  com.app.main.MainApp  - 1) Employee login
[main] 2021-08-18 12:54:27 INFO  com.app.main.MainApp  - 2) Customer login
[main] 2021-08-18 12:54:27 INFO  com.app.main.MainApp  - 3) Customer registration
[main] 2021-08-18 12:54:27 INFO  com.app.main.MainApp  - 4) Exit
[main] 2021-08-18 12:54:27 INFO  com.app.main.MainApp  - Enter your choice (1-4)
[main] 2021-08-18 12:55:42 INFO  com.app.main.MainApp  - welcom to shoping app
[main] 2021-08-18 12:55:42 INFO  com.app.main.MainApp  - ==================================
[main] 2021-08-18 12:55:42 INFO  com.app.main.MainApp  - 1) Employee login
[main] 2021-08-18 12:55:42 INFO  com.app.main.MainApp  - 2) Customer login
[main] 2021-08-18 12:55:42 INFO  com.app.main.MainApp  - 3) Customer registration
[main] 2021-08-18 12:55:42 INFO  com.app.main.MainApp  - 4) Exit
[main] 2021-08-18 12:55:42 INFO  com.app.main.MainApp  - Enter your choice (1-4)
[main] 2021-08-18 12:55:46 INFO  com.app.main.MainApp  - Enter email id:
[main] 2021-08-18 12:55:51 INFO  com.app.main.MainApp  - Enter Password
[main] 2021-08-18 12:55:56 INFO  com.app.main.MainApp  - Invalid email or password
[main] 2021-08-18 12:55:56 INFO  com.app.main.MainApp  - 1) Employee login
[main] 2021-08-18 12:55:56 INFO  com.app.main.MainApp  - 2) Customer login
[main] 2021-08-18 12:55:56 INFO  com.app.main.MainApp  - 3) Customer registration
[main] 2021-08-18 12:55:56 INFO  com.app.main.MainApp  - 4) Exit
[main] 2021-08-18 12:55:56 INFO  com.app.main.MainApp  - Enter your choice (1-4)
[main] 2021-08-18 12:57:28 INFO  com.app.main.MainApp  - welcom to shoping app
[main] 2021-08-18 12:57:28 INFO  com.app.main.MainApp  - ==================================
[main] 2021-08-18 12:57:28 INFO  com.app.main.MainApp  - 1) Employee login
[main] 2021-08-18 12:57:28 INFO  com.app.main.MainApp  - 2) Customer login
[main] 2021-08-18 12:57:28 INFO  com.app.main.MainApp  - 3) Customer registration
[main] 2021-08-18 12:57:28 INFO  com.app.main.MainApp  - 4) Exit
[main] 2021-08-18 12:57:28 INFO  com.app.main.MainApp  - Enter your choice (1-4)
[main] 2021-08-18 12:57:32 INFO  com.app.main.MainApp  - Enter email id:
[main] 2021-08-18 12:57:40 INFO  com.app.main.MainApp  - Enter Password
[main] 2021-08-18 12:57:47 INFO  com.app.main.MainApp  - Invalid email or password
[main] 2021-08-18 12:57:47 INFO  com.app.main.MainApp  - 1) Employee login
[main] 2021-08-18 12:57:47 INFO  com.app.main.MainApp  - 2) Customer login
[main] 2021-08-18 12:57:47 INFO  com.app.main.MainApp  - 3) Customer registration
[main] 2021-08-18 12:57:47 INFO  com.app.main.MainApp  - 4) Exit
[main] 2021-08-18 12:57:47 INFO  com.app.main.MainApp  - Enter your choice (1-4)
[main] 2021-08-18 12:59:15 INFO  com.app.main.MainApp  - welcom to shoping app
[main] 2021-08-18 12:59:15 INFO  com.app.main.MainApp  - ==================================
[main] 2021-08-18 12:59:15 INFO  com.app.main.MainApp  - 1) Employee login
[main] 2021-08-18 12:59:15 INFO  com.app.main.MainApp  - 2) Customer login
[main] 2021-08-18 12:59:15 INFO  com.app.main.MainApp  - 3) Customer registration
[main] 2021-08-18 12:59:15 INFO  com.app.main.MainApp  - 4) Exit
[main] 2021-08-18 12:59:15 INFO  com.app.main.MainApp  - Enter your choice (1-4)
[main] 2021-08-18 12:59:20 INFO  com.app.main.MainApp  - Enter email id:
[main] 2021-08-18 12:59:24 INFO  com.app.main.MainApp  - Enter Password
[main] 2021-08-18 12:59:30 INFO  com.app.main.MainApp  - Invalid email or password
[main] 2021-08-18 12:59:30 INFO  com.app.main.MainApp  - 1) Employee login
[main] 2021-08-18 12:59:30 INFO  com.app.main.MainApp  - 2) Customer login
[main] 2021-08-18 12:59:30 INFO  com.app.main.MainApp  - 3) Customer registration
[main] 2021-08-18 12:59:30 INFO  com.app.main.MainApp  - 4) Exit
[main] 2021-08-18 12:59:30 INFO  com.app.main.MainApp  - Enter your choice (1-4)
[main] 2021-08-18 12:59:35 INFO  com.app.main.MainApp  - Enter email id:
[main] 2021-08-18 12:59:41 INFO  com.app.main.MainApp  - Enter Password
[main] 2021-08-18 12:59:44 INFO  com.app.main.MainApp  - Invalid email or password
[main] 2021-08-18 12:59:44 INFO  com.app.main.MainApp  - 1) Employee login
[main] 2021-08-18 12:59:44 INFO  com.app.main.MainApp  - 2) Customer login
[main] 2021-08-18 12:59:44 INFO  com.app.main.MainApp  - 3) Customer registration
[main] 2021-08-18 12:59:44 INFO  com.app.main.MainApp  - 4) Exit
[main] 2021-08-18 12:59:44 INFO  com.app.main.MainApp  - Enter your choice (1-4)
[main] 2021-08-18 13:02:47 INFO  com.app.main.MainApp  - welcom to shoping app
[main] 2021-08-18 13:02:47 INFO  com.app.main.MainApp  - ==================================
[main] 2021-08-18 13:02:47 INFO  com.app.main.MainApp  - 1) Employee login
[main] 2021-08-18 13:02:47 INFO  com.app.main.MainApp  - 2) Customer login
[main] 2021-08-18 13:02:47 INFO  com.app.main.MainApp  - 3) Customer registration
[main] 2021-08-18 13:02:47 INFO  com.app.main.MainApp  - 4) Exit
[main] 2021-08-18 13:02:47 INFO  com.app.main.MainApp  - Enter your choice (1-4)
[main] 2021-08-18 13:02:58 INFO  com.app.main.MainApp  - Enter email id:
[main] 2021-08-18 13:03:06 INFO  com.app.main.MainApp  - Enter Password
[main] 2021-08-18 13:03:13 INFO  com.app.main.MainApp  - Login Successfully
[main] 2021-08-18 13:03:13 INFO  com.app.main.MainApp  - 1) Employee login
[main] 2021-08-18 13:03:13 INFO  com.app.main.MainApp  - 2) Customer login
[main] 2021-08-18 13:03:13 INFO  com.app.main.MainApp  - 3) Customer registration
[main] 2021-08-18 13:03:13 INFO  com.app.main.MainApp  - 4) Exit
[main] 2021-08-18 13:03:13 INFO  com.app.main.MainApp  - Enter your choice (1-4)
[main] 2021-08-18 13:16:51 INFO  com.app.main.MainApp  - welcom to shoping app
[main] 2021-08-18 13:16:51 INFO  com.app.main.MainApp  - ==================================
[main] 2021-08-18 13:16:51 INFO  com.app.main.MainApp  - 1) Employee login
[main] 2021-08-18 13:16:51 INFO  com.app.main.MainApp  - 2) Customer login
[main] 2021-08-18 13:16:51 INFO  com.app.main.MainApp  - 3) Customer registration
[main] 2021-08-18 13:16:51 INFO  com.app.main.MainApp  - 4) Exit
[main] 2021-08-18 13:16:51 INFO  com.app.main.MainApp  - Enter your choice (1-4)
[main] 2021-08-18 13:16:59 INFO  com.app.main.MainApp  - Enter email id:
[main] 2021-08-18 13:17:06 INFO  com.app.main.MainApp  - Enter Password
[main] 2021-08-18 13:17:11 INFO  com.app.main.MainApp  - Login Successfully
[main] 2021-08-18 13:17:11 INFO  com.app.main.MainApp  - 1) Employee login
[main] 2021-08-18 13:17:11 INFO  com.app.main.MainApp  - 2) Customer login
[main] 2021-08-18 13:17:11 INFO  com.app.main.MainApp  - 3) Customer registration
[main] 2021-08-18 13:17:11 INFO  com.app.main.MainApp  - 4) Exit
[main] 2021-08-18 13:17:11 INFO  com.app.main.MainApp  - Enter your choice (1-4)
[main] 2021-08-18 13:17:13 INFO  com.app.main.MainApp  - Enter email id:
[main] 2021-08-18 13:17:17 INFO  com.app.main.MainApp  - Enter Password
[main] 2021-08-18 13:19:14 INFO  com.app.main.MainApp  - welcom to shoping app
[main] 2021-08-18 13:19:14 INFO  com.app.main.MainApp  - ==================================
[main] 2021-08-18 13:19:14 INFO  com.app.main.MainApp  - 1) Employee login
[main] 2021-08-18 13:19:14 INFO  com.app.main.MainApp  - 2) Customer login
[main] 2021-08-18 13:19:14 INFO  com.app.main.MainApp  - 3) Customer registration
[main] 2021-08-18 13:19:14 INFO  com.app.main.MainApp  - 4) Exit
[main] 2021-08-18 13:19:14 INFO  com.app.main.MainApp  - Enter your choice (1-4)
[main] 2021-08-18 13:19:21 INFO  com.app.main.MainApp  - Enter email id:
[main] 2021-08-18 13:19:25 INFO  com.app.main.MainApp  - Enter Password
[main] 2021-08-18 15:13:07 INFO  com.app.main.MainApp  - welcom to shoping app
[main] 2021-08-18 15:13:07 INFO  com.app.main.MainApp  - ==================================
[main] 2021-08-18 15:13:07 INFO  com.app.main.MainApp  - 1) Employee login
[main] 2021-08-18 15:13:07 INFO  com.app.main.MainApp  - 2) Customer login
[main] 2021-08-18 15:13:07 INFO  com.app.main.MainApp  - 3) Customer registration
[main] 2021-08-18 15:13:07 INFO  com.app.main.MainApp  - 4) Exit
[main] 2021-08-18 15:13:07 INFO  com.app.main.MainApp  - Enter your choice (1-4)
[main] 2021-08-18 15:14:57 INFO  com.app.main.MainApp  - Enter your name
[main] 2021-08-18 15:15:01 INFO  com.app.main.MainApp  - Enter your email
[main] 2021-08-18 15:15:09 INFO  com.app.main.MainApp  - Enter password
[main] 2021-08-18 15:15:14 INFO  com.app.main.MainApp  - Enter your phone number
[main] 2021-08-18 15:15:22 INFO  com.app.main.MainApp  - 1) Employee login
[main] 2021-08-18 15:15:22 INFO  com.app.main.MainApp  - 2) Customer login
[main] 2021-08-18 15:15:22 INFO  com.app.main.MainApp  - 3) Customer registration
[main] 2021-08-18 15:15:22 INFO  com.app.main.MainApp  - 4) Exit
[main] 2021-08-18 15:15:22 INFO  com.app.main.MainApp  - Enter your choice (1-4)
[main] 2021-08-19 10:37:56 INFO  com.app.main.MainApp  - welcom to shoping app
[main] 2021-08-19 10:37:56 INFO  com.app.main.MainApp  - ==================================
[main] 2021-08-19 10:37:56 INFO  com.app.main.MainApp  - 1) Employee login
[main] 2021-08-19 10:37:56 INFO  com.app.main.MainApp  - 2) Customer login
[main] 2021-08-19 10:37:56 INFO  com.app.main.MainApp  - 3) Customer registration
[main] 2021-08-19 10:37:56 INFO  com.app.main.MainApp  - 4) Exit
[main] 2021-08-19 10:37:56 INFO  com.app.main.MainApp  - Enter your choice (1-4)
[main] 2021-08-19 10:38:01 INFO  com.app.main.MainApp  - Enter email id:
[main] 2021-08-19 10:38:08 INFO  com.app.main.MainApp  - Enter Password
[main] 2021-08-19 10:38:13 INFO  com.app.main.MainApp  - Login Successfully
[main] 2021-08-19 10:38:13 INFO  com.app.main.MainApp  - Welcom krishna@gmail.comwhat you wanna do today ?
[main] 2021-08-19 10:38:13 INFO  com.app.main.MainApp  - 1) Search products
[main] 2021-08-19 10:38:13 INFO  com.app.main.MainApp  - 2) View orders
[main] 2021-08-19 10:38:13 INFO  com.app.main.MainApp  - 3) logout
[main] 2021-08-19 10:38:13 INFO  com.app.main.MainApp  - Enter your Choice
[main] 2021-08-19 10:38:18 INFO  com.app.main.MainApp  - 1) Search products
[main] 2021-08-19 10:38:18 INFO  com.app.main.MainApp  - 2) View orders
[main] 2021-08-19 10:38:18 INFO  com.app.main.MainApp  - 3) logout
[main] 2021-08-19 10:38:18 INFO  com.app.main.MainApp  - Enter your Choice
[main] 2021-08-19 10:39:35 INFO  com.app.main.MainApp  - welcom to shoping app
[main] 2021-08-19 10:39:35 INFO  com.app.main.MainApp  - ==================================
[main] 2021-08-19 10:39:35 INFO  com.app.main.MainApp  - 1) Employee login
[main] 2021-08-19 10:39:35 INFO  com.app.main.MainApp  - 2) Customer login
[main] 2021-08-19 10:39:35 INFO  com.app.main.MainApp  - 3) Customer registration
[main] 2021-08-19 10:39:35 INFO  com.app.main.MainApp  - 4) Exit
[main] 2021-08-19 10:39:35 INFO  com.app.main.MainApp  - Enter your choice (1-4)
[main] 2021-08-19 10:39:38 INFO  com.app.main.MainApp  - Enter email id:
[main] 2021-08-19 10:39:45 INFO  com.app.main.MainApp  - Enter Password
[main] 2021-08-19 10:39:49 INFO  com.app.main.MainApp  - Login Successfully
[main] 2021-08-19 10:39:49 INFO  com.app.main.MainApp  - Welcom krishna@gmail.comwhat you wanna do today ?
[main] 2021-08-19 10:39:49 INFO  com.app.main.MainApp  - 1) Search products
[main] 2021-08-19 10:39:49 INFO  com.app.main.MainApp  - 2) View orders
[main] 2021-08-19 10:39:49 INFO  com.app.main.MainApp  - 3) logout
[main] 2021-08-19 10:39:49 INFO  com.app.main.MainApp  - Enter your Choice
[main] 2021-08-19 10:39:54 INFO  com.app.main.MainApp  - 1) Search products
[main] 2021-08-19 10:39:54 INFO  com.app.main.MainApp  - 2) View orders
[main] 2021-08-19 10:39:54 INFO  com.app.main.MainApp  - 3) logout
[main] 2021-08-19 10:39:54 INFO  com.app.main.MainApp  - Enter your Choice
[main] 2021-08-19 11:46:28 INFO  com.app.main.MainApp  - welcom to shoping app
[main] 2021-08-19 11:46:28 INFO  com.app.main.MainApp  - ==================================
[main] 2021-08-19 11:46:28 INFO  com.app.main.MainApp  - 1) Employee login
[main] 2021-08-19 11:46:28 INFO  com.app.main.MainApp  - 2) Customer login
[main] 2021-08-19 11:46:28 INFO  com.app.main.MainApp  - 3) Customer registration
[main] 2021-08-19 11:46:28 INFO  com.app.main.MainApp  - 4) Exit
[main] 2021-08-19 11:46:28 INFO  com.app.main.MainApp  - Enter your choice (1-4)
[main] 2021-08-19 11:46:38 INFO  com.app.main.MainApp  - Enter email id:
[main] 2021-08-19 11:46:44 INFO  com.app.main.MainApp  - Enter Password
[main] 2021-08-19 11:46:50 INFO  com.app.main.MainApp  - Login Successfully
[main] 2021-08-19 11:46:50 INFO  com.app.main.MainApp  - 1) Add products
[main] 2021-08-19 11:46:50 INFO  com.app.main.MainApp  - 2) view customer
[main] 2021-08-19 11:46:50 INFO  com.app.main.MainApp  - 3) Udate order status 
[main] 2021-08-19 11:46:50 INFO  com.app.main.MainApp  - 4) log out
[main] 2021-08-19 11:46:50 INFO  com.app.main.MainApp  - Enter your choice...
[main] 2021-08-19 11:47:31 INFO  com.app.main.MainApp  - welcom to shoping app
[main] 2021-08-19 11:47:31 INFO  com.app.main.MainApp  - ==================================
[main] 2021-08-19 11:47:31 INFO  com.app.main.MainApp  - 1) Employee login
[main] 2021-08-19 11:47:31 INFO  com.app.main.MainApp  - 2) Customer login
[main] 2021-08-19 11:47:31 INFO  com.app.main.MainApp  - 3) Customer registration
[main] 2021-08-19 11:47:31 INFO  com.app.main.MainApp  - 4) Exit
[main] 2021-08-19 11:47:31 INFO  com.app.main.MainApp  - Enter your choice (1-4)
[main] 2021-08-19 11:47:37 INFO  com.app.main.MainApp  - Enter email id:
[main] 2021-08-19 11:47:44 INFO  com.app.main.MainApp  - Enter Password
[main] 2021-08-19 11:47:49 INFO  com.app.main.MainApp  - Login Successfully
[main] 2021-08-19 11:47:49 INFO  com.app.main.MainApp  - 1) Add products
[main] 2021-08-19 11:47:49 INFO  com.app.main.MainApp  - 2) view customer
[main] 2021-08-19 11:47:49 INFO  com.app.main.MainApp  - 3) Udate order status 
[main] 2021-08-19 11:47:49 INFO  com.app.main.MainApp  - 4) log out
[main] 2021-08-19 11:47:49 INFO  com.app.main.MainApp  - Enter your choice...
[main] 2021-08-19 11:48:40 INFO  com.app.main.MainApp  - 1) Add products
[main] 2021-08-19 11:48:40 INFO  com.app.main.MainApp  - 2) view customer
[main] 2021-08-19 11:48:40 INFO  com.app.main.MainApp  - 3) Udate order status 
[main] 2021-08-19 11:48:40 INFO  com.app.main.MainApp  - 4) log out
[main] 2021-08-19 11:48:40 INFO  com.app.main.MainApp  - Enter your choice...
[main] 2021-08-19 12:04:31 INFO  com.app.main.MainApp  - welcom to shoping app
[main] 2021-08-19 12:04:31 INFO  com.app.main.MainApp  - ==================================
[main] 2021-08-19 12:04:31 INFO  com.app.main.MainApp  - 1) Employee login
[main] 2021-08-19 12:04:31 INFO  com.app.main.MainApp  - 2) Customer login
[main] 2021-08-19 12:04:31 INFO  com.app.main.MainApp  - 3) Customer registration
[main] 2021-08-19 12:04:31 INFO  com.app.main.MainApp  - 4) Exit
[main] 2021-08-19 12:04:31 INFO  com.app.main.MainApp  - Enter your choice (1-4)
[main] 2021-08-19 12:04:36 INFO  com.app.main.MainApp  - Enter email id:
[main] 2021-08-19 12:04:43 INFO  com.app.main.MainApp  - Enter Password
[main] 2021-08-19 12:04:48 INFO  com.app.main.MainApp  - Login Successfully
[main] 2021-08-19 12:04:48 INFO  com.app.main.MainApp  - 1) Add products
[main] 2021-08-19 12:04:48 INFO  com.app.main.MainApp  - 2) view customer
[main] 2021-08-19 12:04:48 INFO  com.app.main.MainApp  - 3) Udate order status 
[main] 2021-08-19 12:04:48 INFO  com.app.main.MainApp  - 4) log out
[main] 2021-08-19 12:04:48 INFO  com.app.main.MainApp  - Enter your choice...
[main] 2021-08-19 12:07:40 INFO  com.app.main.MainApp  - welcom to shoping app
[main] 2021-08-19 12:07:40 INFO  com.app.main.MainApp  - ==================================
[main] 2021-08-19 12:07:40 INFO  com.app.main.MainApp  - 1) Employee login
[main] 2021-08-19 12:07:40 INFO  com.app.main.MainApp  - 2) Customer login
[main] 2021-08-19 12:07:40 INFO  com.app.main.MainApp  - 3) Customer registration
[main] 2021-08-19 12:07:40 INFO  com.app.main.MainApp  - 4) Exit
[main] 2021-08-19 12:07:40 INFO  com.app.main.MainApp  - Enter your choice (1-4)
[main] 2021-08-19 12:07:42 INFO  com.app.main.MainApp  - Enter email id:
[main] 2021-08-19 12:07:49 INFO  com.app.main.MainApp  - Enter Password
[main] 2021-08-19 12:07:55 INFO  com.app.main.MainApp  - Login Successfully
[main] 2021-08-19 12:07:55 INFO  com.app.main.MainApp  - 1) Add products
[main] 2021-08-19 12:07:55 INFO  com.app.main.MainApp  - 2) view customer
[main] 2021-08-19 12:07:55 INFO  com.app.main.MainApp  - 3) Udate order status 
[main] 2021-08-19 12:07:55 INFO  com.app.main.MainApp  - 4) log out
[main] 2021-08-19 12:07:55 INFO  com.app.main.MainApp  - Enter your choice...
[main] 2021-08-19 12:07:58 INFO  com.app.main.MainApp  - 1) Add products
[main] 2021-08-19 12:07:58 INFO  com.app.main.MainApp  - 2) view customer
[main] 2021-08-19 12:07:58 INFO  com.app.main.MainApp  - 3) Udate order status 
[main] 2021-08-19 12:07:58 INFO  com.app.main.MainApp  - 4) log out
[main] 2021-08-19 12:07:58 INFO  com.app.main.MainApp  - Enter your choice...
[main] 2021-08-19 12:08:51 INFO  com.app.main.MainApp  - welcom to shoping app
[main] 2021-08-19 12:08:51 INFO  com.app.main.MainApp  - ==================================
[main] 2021-08-19 12:08:51 INFO  com.app.main.MainApp  - 1) Employee login
[main] 2021-08-19 12:08:51 INFO  com.app.main.MainApp  - 2) Customer login
[main] 2021-08-19 12:08:51 INFO  com.app.main.MainApp  - 3) Customer registration
[main] 2021-08-19 12:08:51 INFO  com.app.main.MainApp  - 4) Exit
[main] 2021-08-19 12:08:51 INFO  com.app.main.MainApp  - Enter your choice (1-4)
[main] 2021-08-19 12:08:54 INFO  com.app.main.MainApp  - Enter email id:
[main] 2021-08-19 12:09:02 INFO  com.app.main.MainApp  - Enter Password
[main] 2021-08-19 12:09:07 INFO  com.app.main.MainApp  - Login Successfully
[main] 2021-08-19 12:09:07 INFO  com.app.main.MainApp  - 1) Add products
[main] 2021-08-19 12:09:07 INFO  com.app.main.MainApp  - 2) view customer
[main] 2021-08-19 12:09:07 INFO  com.app.main.MainApp  - 3) Udate order status 
[main] 2021-08-19 12:09:07 INFO  com.app.main.MainApp  - 4) log out
[main] 2021-08-19 12:09:07 INFO  com.app.main.MainApp  - Enter your choice...
[main] 2021-08-19 12:09:10 INFO  com.app.main.MainApp  - 1) Add products
[main] 2021-08-19 12:09:10 INFO  com.app.main.MainApp  - 2) view customer
[main] 2021-08-19 12:09:10 INFO  com.app.main.MainApp  - 3) Udate order status 
[main] 2021-08-19 12:09:10 INFO  com.app.main.MainApp  - 4) log out
[main] 2021-08-19 12:09:10 INFO  com.app.main.MainApp  - Enter your choice...
[main] 2021-08-19 12:28:36 INFO  com.app.main.MainApp  - welcom to shoping app
[main] 2021-08-19 12:28:36 INFO  com.app.main.MainApp  - ==================================
[main] 2021-08-19 12:28:36 INFO  com.app.main.MainApp  - 1) Employee login
[main] 2021-08-19 12:28:36 INFO  com.app.main.MainApp  - 2) Customer login
[main] 2021-08-19 12:28:36 INFO  com.app.main.MainApp  - 3) Customer registration
[main] 2021-08-19 12:28:36 INFO  com.app.main.MainApp  - 4) Exit
[main] 2021-08-19 12:28:36 INFO  com.app.main.MainApp  - Enter your choice (1-4)
[main] 2021-08-19 12:28:51 INFO  com.app.main.MainApp  - welcom to shoping app
[main] 2021-08-19 12:28:51 INFO  com.app.main.MainApp  - ==================================
[main] 2021-08-19 12:28:51 INFO  com.app.main.MainApp  - 1) Employee login
[main] 2021-08-19 12:28:51 INFO  com.app.main.MainApp  - 2) Customer login
[main] 2021-08-19 12:28:51 INFO  com.app.main.MainApp  - 3) Customer registration
[main] 2021-08-19 12:28:51 INFO  com.app.main.MainApp  - 4) Exit
[main] 2021-08-19 12:28:51 INFO  com.app.main.MainApp  - Enter your choice (1-4)
[main] 2021-08-19 12:28:55 INFO  com.app.main.MainApp  - Enter email id:
[main] 2021-08-19 12:29:05 INFO  com.app.main.MainApp  - Enter Password
[main] 2021-08-19 12:29:10 INFO  com.app.main.MainApp  - Login Successfully
[main] 2021-08-19 12:29:10 INFO  com.app.main.MainApp  - 1) Add products
[main] 2021-08-19 12:29:10 INFO  com.app.main.MainApp  - 2) view customer
[main] 2021-08-19 12:29:10 INFO  com.app.main.MainApp  - 3) Update order status 
[main] 2021-08-19 12:29:10 INFO  com.app.main.MainApp  - 4) log out
[main] 2021-08-19 12:29:10 INFO  com.app.main.MainApp  - Enter your choice...
[main] 2021-08-19 12:29:13 INFO  com.app.main.MainApp  - 1) Add products
[main] 2021-08-19 12:29:13 INFO  com.app.main.MainApp  - 2) view customer
[main] 2021-08-19 12:29:13 INFO  com.app.main.MainApp  - 3) Update order status 
[main] 2021-08-19 12:29:13 INFO  com.app.main.MainApp  - 4) log out
[main] 2021-08-19 12:29:13 INFO  com.app.main.MainApp  - Enter your choice...
[main] 2021-08-19 14:52:12 INFO  com.app.main.MainApp  - welcom to shoping app
[main] 2021-08-19 14:52:12 INFO  com.app.main.MainApp  - ==================================
[main] 2021-08-19 14:52:12 INFO  com.app.main.MainApp  - 1) Employee login
[main] 2021-08-19 14:52:12 INFO  com.app.main.MainApp  - 2) Customer login
[main] 2021-08-19 14:52:12 INFO  com.app.main.MainApp  - 3) Customer registration
[main] 2021-08-19 14:52:12 INFO  com.app.main.MainApp  - 4) Exit
[main] 2021-08-19 14:52:12 INFO  com.app.main.MainApp  - Enter your choice (1-4)
[main] 2021-08-19 14:52:20 INFO  com.app.main.MainApp  - Enter email id:
[main] 2021-08-19 14:52:26 INFO  com.app.main.MainApp  - Enter Password
[main] 2021-08-19 14:52:33 INFO  com.app.main.MainApp  - Login Successfully
[main] 2021-08-19 14:52:33 INFO  com.app.main.MainApp  - 1) Add products
[main] 2021-08-19 14:52:33 INFO  com.app.main.MainApp  - 2) view customer
[main] 2021-08-19 14:52:33 INFO  com.app.main.MainApp  - 3) Update order status 
[main] 2021-08-19 14:52:33 INFO  com.app.main.MainApp  - 4) log out
[main] 2021-08-19 14:52:33 INFO  com.app.main.MainApp  - Enter your choice...
[main] 2021-08-19 14:52:36 INFO  com.app.main.MainApp  - 1) Add products
[main] 2021-08-19 14:52:36 INFO  com.app.main.MainApp  - 2) view customer
[main] 2021-08-19 14:52:36 INFO  com.app.main.MainApp  - 3) Update order status 
[main] 2021-08-19 14:52:36 INFO  com.app.main.MainApp  - 4) log out
[main] 2021-08-19 14:52:36 INFO  com.app.main.MainApp  - Enter your choice...
[main] 2021-08-19 14:56:41 INFO  com.app.main.MainApp  - welcom to shoping app
[main] 2021-08-19 14:56:41 INFO  com.app.main.MainApp  - ==================================
[main] 2021-08-19 14:56:41 INFO  com.app.main.MainApp  - 1) Employee login
[main] 2021-08-19 14:56:41 INFO  com.app.main.MainApp  - 2) Customer login
[main] 2021-08-19 14:56:41 INFO  com.app.main.MainApp  - 3) Customer registration
[main] 2021-08-19 14:56:41 INFO  com.app.main.MainApp  - 4) Exit
[main] 2021-08-19 14:56:41 INFO  com.app.main.MainApp  - Enter your choice (1-4)
[main] 2021-08-19 14:56:48 INFO  com.app.main.MainApp  - Enter email id:
[main] 2021-08-19 14:56:56 INFO  com.app.main.MainApp  - Enter Password
[main] 2021-08-19 14:57:01 INFO  com.app.main.MainApp  - Login Successfully
[main] 2021-08-19 14:57:01 INFO  com.app.main.MainApp  - 1) Add products
[main] 2021-08-19 14:57:01 INFO  com.app.main.MainApp  - 2) view customer
[main] 2021-08-19 14:57:01 INFO  com.app.main.MainApp  - 3) Update order status 
[main] 2021-08-19 14:57:01 INFO  com.app.main.MainApp  - 4) log out
[main] 2021-08-19 14:57:01 INFO  com.app.main.MainApp  - Enter your choice...
[main] 2021-08-19 14:58:45 INFO  com.app.main.MainApp  - welcom to shoping app
[main] 2021-08-19 14:58:45 INFO  com.app.main.MainApp  - ==================================
[main] 2021-08-19 14:58:45 INFO  com.app.main.MainApp  - 1) Employee login
[main] 2021-08-19 14:58:45 INFO  com.app.main.MainApp  - 2) Customer login
[main] 2021-08-19 14:58:45 INFO  com.app.main.MainApp  - 3) Customer registration
[main] 2021-08-19 14:58:45 INFO  com.app.main.MainApp  - 4) Exit
[main] 2021-08-19 14:58:45 INFO  com.app.main.MainApp  - Enter your choice (1-4)
[main] 2021-08-19 14:58:48 INFO  com.app.main.MainApp  - Enter email id:
[main] 2021-08-19 14:58:55 INFO  com.app.main.MainApp  - Enter Password
[main] 2021-08-19 14:59:00 INFO  com.app.main.MainApp  - Login Successfully
[main] 2021-08-19 14:59:00 INFO  com.app.main.MainApp  - 1) Add products
[main] 2021-08-19 14:59:00 INFO  com.app.main.MainApp  - 2) view customer
[main] 2021-08-19 14:59:00 INFO  com.app.main.MainApp  - 3) Update order status 
[main] 2021-08-19 14:59:00 INFO  com.app.main.MainApp  - 4) log out
[main] 2021-08-19 14:59:00 INFO  com.app.main.MainApp  - Enter your choice...
[main] 2021-08-19 15:00:07 INFO  com.app.main.MainApp  - welcom to shoping app
[main] 2021-08-19 15:00:07 INFO  com.app.main.MainApp  - ==================================
[main] 2021-08-19 15:00:07 INFO  com.app.main.MainApp  - 1) Employee login
[main] 2021-08-19 15:00:07 INFO  com.app.main.MainApp  - 2) Customer login
[main] 2021-08-19 15:00:07 INFO  com.app.main.MainApp  - 3) Customer registration
[main] 2021-08-19 15:00:07 INFO  com.app.main.MainApp  - 4) Exit
[main] 2021-08-19 15:00:07 INFO  com.app.main.MainApp  - Enter your choice (1-4)
[main] 2021-08-19 15:00:10 INFO  com.app.main.MainApp  - Enter email id:
[main] 2021-08-19 15:00:18 INFO  com.app.main.MainApp  - Enter Password
[main] 2021-08-19 15:00:24 INFO  com.app.main.MainApp  - Login Successfully
[main] 2021-08-19 15:00:24 INFO  com.app.main.MainApp  - 1) Add products
[main] 2021-08-19 15:00:24 INFO  com.app.main.MainApp  - 2) view customer
[main] 2021-08-19 15:00:24 INFO  com.app.main.MainApp  - 3) Update order status 
[main] 2021-08-19 15:00:24 INFO  com.app.main.MainApp  - 4) log out
[main] 2021-08-19 15:00:24 INFO  com.app.main.MainApp  - Enter your choice...
[main] 2021-08-19 15:02:31 INFO  com.app.main.MainApp  - welcom to shoping app
[main] 2021-08-19 15:02:31 INFO  com.app.main.MainApp  - ==================================
[main] 2021-08-19 15:02:31 INFO  com.app.main.MainApp  - 1) Employee login
[main] 2021-08-19 15:02:31 INFO  com.app.main.MainApp  - 2) Customer login
[main] 2021-08-19 15:02:31 INFO  com.app.main.MainApp  - 3) Customer registration
[main] 2021-08-19 15:02:31 INFO  com.app.main.MainApp  - 4) Exit
[main] 2021-08-19 15:02:31 INFO  com.app.main.MainApp  - Enter your choice (1-4)
[main] 2021-08-19 15:02:34 INFO  com.app.main.MainApp  - Enter email id:
[main] 2021-08-19 15:02:44 INFO  com.app.main.MainApp  - Enter Password
[main] 2021-08-19 15:02:51 INFO  com.app.main.MainApp  - Login Successfully
[main] 2021-08-19 15:02:51 INFO  com.app.main.MainApp  - 1) Add products
[main] 2021-08-19 15:02:51 INFO  com.app.main.MainApp  - 2) view customer
[main] 2021-08-19 15:02:51 INFO  com.app.main.MainApp  - 3) Update order status 
[main] 2021-08-19 15:02:51 INFO  com.app.main.MainApp  - 4) log out
[main] 2021-08-19 15:02:51 INFO  com.app.main.MainApp  - Enter your choice...
[main] 2021-08-19 15:02:53 INFO  com.app.main.MainApp  - 1) Add products
[main] 2021-08-19 15:02:53 INFO  com.app.main.MainApp  - 2) view customer
[main] 2021-08-19 15:02:53 INFO  com.app.main.MainApp  - 3) Update order status 
[main] 2021-08-19 15:02:53 INFO  com.app.main.MainApp  - 4) log out
[main] 2021-08-19 15:02:53 INFO  com.app.main.MainApp  - Enter your choice...
[main] 2021-08-19 15:04:10 INFO  com.app.main.MainApp  - welcom to shoping app
[main] 2021-08-19 15:04:10 INFO  com.app.main.MainApp  - ==================================
[main] 2021-08-19 15:04:10 INFO  com.app.main.MainApp  - 1) Employee login
[main] 2021-08-19 15:04:10 INFO  com.app.main.MainApp  - 2) Customer login
[main] 2021-08-19 15:04:10 INFO  com.app.main.MainApp  - 3) Customer registration
[main] 2021-08-19 15:04:10 INFO  com.app.main.MainApp  - 4) Exit
[main] 2021-08-19 15:04:10 INFO  com.app.main.MainApp  - Enter your choice (1-4)
[main] 2021-08-19 15:04:13 INFO  com.app.main.MainApp  - Enter email id:
[main] 2021-08-19 15:04:20 INFO  com.app.main.MainApp  - Enter Password
[main] 2021-08-19 15:04:26 INFO  com.app.main.MainApp  - Login Successfully
[main] 2021-08-19 15:04:26 INFO  com.app.main.MainApp  - 1) Add products
[main] 2021-08-19 15:04:26 INFO  com.app.main.MainApp  - 2) view customer
[main] 2021-08-19 15:04:26 INFO  com.app.main.MainApp  - 3) Update order status 
[main] 2021-08-19 15:04:26 INFO  com.app.main.MainApp  - 4) log out
[main] 2021-08-19 15:04:26 INFO  com.app.main.MainApp  - Enter your choice...
[main] 2021-08-19 15:04:28 INFO  com.app.main.MainApp  - 1) Add products
[main] 2021-08-19 15:04:28 INFO  com.app.main.MainApp  - 2) view customer
[main] 2021-08-19 15:04:28 INFO  com.app.main.MainApp  - 3) Update order status 
[main] 2021-08-19 15:04:28 INFO  com.app.main.MainApp  - 4) log out
[main] 2021-08-19 15:04:28 INFO  com.app.main.MainApp  - Enter your choice...
[main] 2021-08-19 15:07:06 INFO  com.app.main.MainApp  - welcom to shoping app
[main] 2021-08-19 15:07:06 INFO  com.app.main.MainApp  - ==================================
[main] 2021-08-19 15:07:06 INFO  com.app.main.MainApp  - 1) Employee login
[main] 2021-08-19 15:07:06 INFO  com.app.main.MainApp  - 2) Customer login
[main] 2021-08-19 15:07:06 INFO  com.app.main.MainApp  - 3) Customer registration
[main] 2021-08-19 15:07:06 INFO  com.app.main.MainApp  - 4) Exit
[main] 2021-08-19 15:07:06 INFO  com.app.main.MainApp  - Enter your choice (1-4)
[main] 2021-08-19 15:07:08 INFO  com.app.main.MainApp  - Enter email id:
[main] 2021-08-19 15:07:14 INFO  com.app.main.MainApp  - Enter Password
[main] 2021-08-19 15:07:18 INFO  com.app.main.MainApp  - Login Successfully
[main] 2021-08-19 15:07:18 INFO  com.app.main.MainApp  - 1) Add products
[main] 2021-08-19 15:07:18 INFO  com.app.main.MainApp  - 2) view customer
[main] 2021-08-19 15:07:18 INFO  com.app.main.MainApp  - 3) Update order status 
[main] 2021-08-19 15:07:18 INFO  com.app.main.MainApp  - 4) log out
[main] 2021-08-19 15:07:18 INFO  com.app.main.MainApp  - Enter your choice...
[main] 2021-08-19 15:08:51 INFO  com.app.main.MainApp  - welcom to shoping app
[main] 2021-08-19 15:08:51 INFO  com.app.main.MainApp  - ==================================
[main] 2021-08-19 15:08:51 INFO  com.app.main.MainApp  - 1) Employee login
[main] 2021-08-19 15:08:51 INFO  com.app.main.MainApp  - 2) Customer login
[main] 2021-08-19 15:08:51 INFO  com.app.main.MainApp  - 3) Customer registration
[main] 2021-08-19 15:08:51 INFO  com.app.main.MainApp  - 4) Exit
[main] 2021-08-19 15:08:51 INFO  com.app.main.MainApp  - Enter your choice (1-4)
[main] 2021-08-19 15:08:56 INFO  com.app.main.MainApp  - Enter email id:
[main] 2021-08-19 15:09:03 INFO  com.app.main.MainApp  - Enter Password
[main] 2021-08-19 15:09:08 INFO  com.app.main.MainApp  - Login Successfully
[main] 2021-08-19 15:09:08 INFO  com.app.main.MainApp  - 1) Add products
[main] 2021-08-19 15:09:08 INFO  com.app.main.MainApp  - 2) view customer
[main] 2021-08-19 15:09:08 INFO  com.app.main.MainApp  - 3) Update order status 
[main] 2021-08-19 15:09:08 INFO  com.app.main.MainApp  - 4) log out
[main] 2021-08-19 15:09:08 INFO  com.app.main.MainApp  - Enter your choice...
[main] 2021-08-19 15:09:11 INFO  com.app.main.MainApp  - 1) Add products
[main] 2021-08-19 15:09:11 INFO  com.app.main.MainApp  - 2) view customer
[main] 2021-08-19 15:09:11 INFO  com.app.main.MainApp  - 3) Update order status 
[main] 2021-08-19 15:09:11 INFO  com.app.main.MainApp  - 4) log out
[main] 2021-08-19 15:09:11 INFO  com.app.main.MainApp  - Enter your choice...
[main] 2021-08-19 15:11:34 INFO  com.app.main.MainApp  - welcom to shoping app
[main] 2021-08-19 15:11:34 INFO  com.app.main.MainApp  - ==================================
[main] 2021-08-19 15:11:34 INFO  com.app.main.MainApp  - 1) Employee login
[main] 2021-08-19 15:11:34 INFO  com.app.main.MainApp  - 2) Customer login
[main] 2021-08-19 15:11:34 INFO  com.app.main.MainApp  - 3) Customer registration
[main] 2021-08-19 15:11:34 INFO  com.app.main.MainApp  - 4) Exit
[main] 2021-08-19 15:11:34 INFO  com.app.main.MainApp  - Enter your choice (1-4)
[main] 2021-08-19 15:11:36 INFO  com.app.main.MainApp  - Enter email id:
[main] 2021-08-19 15:11:42 INFO  com.app.main.MainApp  - Enter Password
[main] 2021-08-19 15:11:46 INFO  com.app.main.MainApp  - Login Successfully
[main] 2021-08-19 15:11:46 INFO  com.app.main.MainApp  - 1) Add products
[main] 2021-08-19 15:11:46 INFO  com.app.main.MainApp  - 2) view customer
[main] 2021-08-19 15:11:46 INFO  com.app.main.MainApp  - 3) Update order status 
[main] 2021-08-19 15:11:46 INFO  com.app.main.MainApp  - 4) log out
[main] 2021-08-19 15:11:46 INFO  com.app.main.MainApp  - Enter your choice...
[main] 2021-08-19 15:11:48 INFO  com.app.main.MainApp  - 1) Add products
[main] 2021-08-19 15:11:48 INFO  com.app.main.MainApp  - 2) view customer
[main] 2021-08-19 15:11:48 INFO  com.app.main.MainApp  - 3) Update order status 
[main] 2021-08-19 15:11:48 INFO  com.app.main.MainApp  - 4) log out
[main] 2021-08-19 15:11:48 INFO  com.app.main.MainApp  - Enter your choice...
[main] 2021-08-19 16:28:17 INFO  com.app.main.MainApp  - welcom to shoping app
[main] 2021-08-19 16:28:17 INFO  com.app.main.MainApp  - ==================================
[main] 2021-08-19 16:28:17 INFO  com.app.main.MainApp  - 1) Employee login
[main] 2021-08-19 16:28:17 INFO  com.app.main.MainApp  - 2) Customer login
[main] 2021-08-19 16:28:17 INFO  com.app.main.MainApp  - 3) Customer registration
[main] 2021-08-19 16:28:17 INFO  com.app.main.MainApp  - 4) Exit
[main] 2021-08-19 16:28:17 INFO  com.app.main.MainApp  - Enter your choice (1-4)
[main] 2021-08-19 16:28:23 INFO  com.app.main.MainApp  - Enter email id:
[main] 2021-08-19 16:28:29 INFO  com.app.main.MainApp  - Enter Password
[main] 2021-08-19 16:28:33 INFO  com.app.main.MainApp  - Login Successfully
[main] 2021-08-19 16:28:33 INFO  com.app.main.MainApp  - Welcom krishna@gmail.comwhat you wanna do today ?
[main] 2021-08-19 16:28:33 INFO  com.app.main.MainApp  - 1) Search products
[main] 2021-08-19 16:28:33 INFO  com.app.main.MainApp  - 2) View orders
[main] 2021-08-19 16:28:33 INFO  com.app.main.MainApp  - 3) update status of order
[main] 2021-08-19 16:28:33 INFO  com.app.main.MainApp  - 4) logout
[main] 2021-08-19 16:28:33 INFO  com.app.main.MainApp  - Enter your Choice
[main] 2021-08-19 16:28:41 INFO  com.app.main.MainApp  - 1) Search products
[main] 2021-08-19 16:28:41 INFO  com.app.main.MainApp  - 2) View orders
[main] 2021-08-19 16:28:41 INFO  com.app.main.MainApp  - 3) update status of order
[main] 2021-08-19 16:28:41 INFO  com.app.main.MainApp  - 4) logout
[main] 2021-08-19 16:28:41 INFO  com.app.main.MainApp  - Enter your Choice
[main] 2021-08-19 16:33:48 INFO  com.app.main.MainApp  - welcom to shoping app
[main] 2021-08-19 16:33:48 INFO  com.app.main.MainApp  - ==================================
[main] 2021-08-19 16:33:48 INFO  com.app.main.MainApp  - 1) Employee login
[main] 2021-08-19 16:33:48 INFO  com.app.main.MainApp  - 2) Customer login
[main] 2021-08-19 16:33:48 INFO  com.app.main.MainApp  - 3) Customer registration
[main] 2021-08-19 16:33:48 INFO  com.app.main.MainApp  - 4) Exit
[main] 2021-08-19 16:33:48 INFO  com.app.main.MainApp  - Enter your choice (1-4)
[main] 2021-08-19 16:33:50 INFO  com.app.main.MainApp  - Enter email id:
[main] 2021-08-19 16:33:56 INFO  com.app.main.MainApp  - Enter Password
[main] 2021-08-19 16:33:59 INFO  com.app.main.MainApp  - Login Successfully
[main] 2021-08-19 16:33:59 INFO  com.app.main.MainApp  - Welcom krishna@gmail.comwhat you wanna do today ?
[main] 2021-08-19 16:33:59 INFO  com.app.main.MainApp  - 1) Search products
[main] 2021-08-19 16:33:59 INFO  com.app.main.MainApp  - 2) View orders
[main] 2021-08-19 16:33:59 INFO  com.app.main.MainApp  - 3) update status of order
[main] 2021-08-19 16:33:59 INFO  com.app.main.MainApp  - 4) logout
[main] 2021-08-19 16:33:59 INFO  com.app.main.MainApp  - Enter your Choice
[main] 2021-08-19 16:34:04 INFO  com.app.main.MainApp  - 1) Search products
[main] 2021-08-19 16:34:04 INFO  com.app.main.MainApp  - 2) View orders
[main] 2021-08-19 16:34:04 INFO  com.app.main.MainApp  - 3) update status of order
[main] 2021-08-19 16:34:04 INFO  com.app.main.MainApp  - 4) logout
[main] 2021-08-19 16:34:04 INFO  com.app.main.MainApp  - Enter your Choice
[main] 2021-08-19 17:23:05 INFO  com.app.main.MainApp  - welcom to shoping app
[main] 2021-08-19 17:23:05 INFO  com.app.main.MainApp  - ==================================
[main] 2021-08-19 17:23:05 INFO  com.app.main.MainApp  - 1) Employee login
[main] 2021-08-19 17:23:05 INFO  com.app.main.MainApp  - 2) Customer login
[main] 2021-08-19 17:23:05 INFO  com.app.main.MainApp  - 3) Customer registration
[main] 2021-08-19 17:23:05 INFO  com.app.main.MainApp  - 4) Exit
[main] 2021-08-19 17:23:05 INFO  com.app.main.MainApp  - Enter your choice (1-4)
[main] 2021-08-19 17:23:08 INFO  com.app.main.MainApp  - Enter email id:
[main] 2021-08-19 17:23:11 INFO  com.app.main.MainApp  - Enter Password
[main] 2021-08-19 17:28:48 INFO  com.app.main.MainApp  - welcom to shoping app
[main] 2021-08-19 17:28:48 INFO  com.app.main.MainApp  - ==================================
[main] 2021-08-19 17:28:48 INFO  com.app.main.MainApp  - 1) Employee login
[main] 2021-08-19 17:28:48 INFO  com.app.main.MainApp  - 2) Customer login
[main] 2021-08-19 17:28:48 INFO  com.app.main.MainApp  - 3) Customer registration
[main] 2021-08-19 17:28:48 INFO  com.app.main.MainApp  - 4) Exit
[main] 2021-08-19 17:28:48 INFO  com.app.main.MainApp  - Enter your choice (1-4)
[main] 2021-08-19 17:29:04 INFO  com.app.main.MainApp  - Enter email id:
[main] 2021-08-19 17:29:10 INFO  com.app.main.MainApp  - Enter Password
[main] 2021-08-19 17:29:15 INFO  com.app.main.MainApp  - Login Successfully
[main] 2021-08-19 17:29:15 INFO  com.app.main.MainApp  - Welcom mourya@gmail.comwhat you wanna do today ?
[main] 2021-08-19 17:29:15 INFO  com.app.main.MainApp  - 1) Search products
[main] 2021-08-19 17:29:15 INFO  com.app.main.MainApp  - 2) View orders
[main] 2021-08-19 17:29:15 INFO  com.app.main.MainApp  - 3) update status of order
[main] 2021-08-19 17:29:15 INFO  com.app.main.MainApp  - 4) logout
[main] 2021-08-19 17:29:15 INFO  com.app.main.MainApp  - Enter your Choice
[main] 2021-08-19 17:29:20 INFO  com.app.main.MainApp  - 1) Display all products
[main] 2021-08-19 17:29:20 INFO  com.app.main.MainApp  - 2) Display product by product id
[main] 2021-08-19 17:29:20 INFO  com.app.main.MainApp  - 3) Display the products by product name
[main] 2021-08-19 17:29:20 INFO  com.app.main.MainApp  - 4) Display the products by type of product
[main] 2021-08-19 17:29:20 INFO  com.app.main.MainApp  - 5) Go to previous menu
[main] 2021-08-19 17:29:20 INFO  com.app.main.MainApp  - Enter your choice
[main] 2021-08-19 17:29:23 INFO  com.app.main.MainApp  - Develop inprogess
[main] 2021-08-19 17:29:23 INFO  com.app.main.MainApp  - do you want to add product to cart
[main] 2021-08-19 17:29:23 INFO  com.app.main.MainApp  - 1) Display all products
[main] 2021-08-19 17:29:23 INFO  com.app.main.MainApp  - 2) Display product by product id
[main] 2021-08-19 17:29:23 INFO  com.app.main.MainApp  - 3) Display the products by product name
[main] 2021-08-19 17:29:23 INFO  com.app.main.MainApp  - 4) Display the products by type of product
[main] 2021-08-19 17:29:23 INFO  com.app.main.MainApp  - 5) Go to previous menu
[main] 2021-08-19 17:29:23 INFO  com.app.main.MainApp  - Enter your choice
[main] 2021-08-19 21:47:38 INFO  com.app.main.MainApp  - welcom to shoping app
[main] 2021-08-19 21:47:38 INFO  com.app.main.MainApp  - ==================================
[main] 2021-08-19 21:47:38 INFO  com.app.main.MainApp  - 1) Employee login
[main] 2021-08-19 21:47:38 INFO  com.app.main.MainApp  - 2) Customer login
[main] 2021-08-19 21:47:38 INFO  com.app.main.MainApp  - 3) Customer registration
[main] 2021-08-19 21:47:38 INFO  com.app.main.MainApp  - 4) Exit
[main] 2021-08-19 21:47:38 INFO  com.app.main.MainApp  - Enter your choice (1-4)
[main] 2021-08-19 21:47:41 INFO  com.app.main.MainApp  - Enter email id:
[main] 2021-08-19 21:47:47 INFO  com.app.main.MainApp  - Enter Password
[main] 2021-08-19 21:47:55 INFO  com.app.main.MainApp  - Login Successfully
[main] 2021-08-19 21:47:55 INFO  com.app.main.MainApp  - Welcom krishna@gmail.comwhat you wanna do today ?
[main] 2021-08-19 21:47:55 INFO  com.app.main.MainApp  - 1) Search products
[main] 2021-08-19 21:47:55 INFO  com.app.main.MainApp  - 2) View orders
[main] 2021-08-19 21:47:55 INFO  com.app.main.MainApp  - 3) update status of order
[main] 2021-08-19 21:47:55 INFO  com.app.main.MainApp  - 4) logout
[main] 2021-08-19 21:47:55 INFO  com.app.main.MainApp  - Enter your Choice
[main] 2021-08-19 21:47:59 INFO  com.app.main.MainApp  - 1) Display all products
[main] 2021-08-19 21:47:59 INFO  com.app.main.MainApp  - 2) Display product by product id
[main] 2021-08-19 21:47:59 INFO  com.app.main.MainApp  - 3) Display the products by product name
[main] 2021-08-19 21:47:59 INFO  com.app.main.MainApp  - 4) Display the products by type of product
[main] 2021-08-19 21:47:59 INFO  com.app.main.MainApp  - 5) Go to previous menu
[main] 2021-08-19 21:47:59 INFO  com.app.main.MainApp  - Enter your choice
[main] 2021-08-19 21:48:01 INFO  com.app.main.MainApp  - do you want to add product to cart
[main] 2021-08-19 21:48:01 INFO  com.app.main.MainApp  - 1) Display all products
[main] 2021-08-19 21:48:01 INFO  com.app.main.MainApp  - 2) Display product by product id
[main] 2021-08-19 21:48:01 INFO  com.app.main.MainApp  - 3) Display the products by product name
[main] 2021-08-19 21:48:01 INFO  com.app.main.MainApp  - 4) Display the products by type of product
[main] 2021-08-19 21:48:01 INFO  com.app.main.MainApp  - 5) Go to previous menu
[main] 2021-08-19 21:48:01 INFO  com.app.main.MainApp  - Enter your choice
[main] 2021-08-19 22:23:41 INFO  com.app.main.MainApp  - welcom to shoping app
[main] 2021-08-19 22:23:41 INFO  com.app.main.MainApp  - ==================================
[main] 2021-08-19 22:23:41 INFO  com.app.main.MainApp  - 1) Employee login
[main] 2021-08-19 22:23:41 INFO  com.app.main.MainApp  - 2) Customer login
[main] 2021-08-19 22:23:41 INFO  com.app.main.MainApp  - 3) Customer registration
[main] 2021-08-19 22:23:41 INFO  com.app.main.MainApp  - 4) Exit
[main] 2021-08-19 22:23:41 INFO  com.app.main.MainApp  - Enter your choice (1-4)
[main] 2021-08-19 22:23:44 INFO  com.app.main.MainApp  - Enter email id:
[main] 2021-08-19 22:24:00 INFO  com.app.main.MainApp  - Enter Password
[main] 2021-08-19 22:24:06 INFO  com.app.main.MainApp  - 1) Employee login
[main] 2021-08-19 22:24:06 INFO  com.app.main.MainApp  - 2) Customer login
[main] 2021-08-19 22:24:06 INFO  com.app.main.MainApp  - 3) Customer registration
[main] 2021-08-19 22:24:06 INFO  com.app.main.MainApp  - 4) Exit
[main] 2021-08-19 22:24:06 INFO  com.app.main.MainApp  - Enter your choice (1-4)
[main] 2021-08-19 22:24:43 INFO  com.app.main.MainApp  - welcom to shoping app
[main] 2021-08-19 22:24:43 INFO  com.app.main.MainApp  - ==================================
[main] 2021-08-19 22:24:43 INFO  com.app.main.MainApp  - 1) Employee login
[main] 2021-08-19 22:24:43 INFO  com.app.main.MainApp  - 2) Customer login
[main] 2021-08-19 22:24:43 INFO  com.app.main.MainApp  - 3) Customer registration
[main] 2021-08-19 22:24:43 INFO  com.app.main.MainApp  - 4) Exit
[main] 2021-08-19 22:24:43 INFO  com.app.main.MainApp  - Enter your choice (1-4)
[main] 2021-08-19 22:24:45 INFO  com.app.main.MainApp  - Enter email id:
[main] 2021-08-19 22:24:52 INFO  com.app.main.MainApp  - Enter Password
[main] 2021-08-19 22:24:57 INFO  com.app.main.MainApp  - Login Successfully
[main] 2021-08-19 22:24:57 INFO  com.app.main.MainApp  - Welcom mourya@gmail.comwhat you wanna do today ?
[main] 2021-08-19 22:24:57 INFO  com.app.main.MainApp  - 1) Search products
[main] 2021-08-19 22:24:57 INFO  com.app.main.MainApp  - 2) View orders
[main] 2021-08-19 22:24:57 INFO  com.app.main.MainApp  - 3) update status of order
[main] 2021-08-19 22:24:57 INFO  com.app.main.MainApp  - 4) logout
[main] 2021-08-19 22:24:57 INFO  com.app.main.MainApp  - Enter your Choice
[main] 2021-08-19 22:25:02 INFO  com.app.main.MainApp  - 1) Display all products
[main] 2021-08-19 22:25:02 INFO  com.app.main.MainApp  - 2) Display product by product id
[main] 2021-08-19 22:25:02 INFO  com.app.main.MainApp  - 3) Display the products by product name
[main] 2021-08-19 22:25:02 INFO  com.app.main.MainApp  - 4) Display the products by type of product
[main] 2021-08-19 22:25:02 INFO  com.app.main.MainApp  - 5) Go to previous menu
[main] 2021-08-19 22:25:02 INFO  com.app.main.MainApp  - Enter your choice
[main] 2021-08-19 22:25:04 INFO  com.app.main.MainApp  - Do you want to add product to cart then press 1
[main] 2021-08-19 22:25:07 INFO  com.app.main.MainApp  - Enter product id that need to add to cart
[main] 2021-08-19 22:25:13 INFO  com.app.main.MainApp  - Sucessfully added to cart
[main] 2021-08-19 22:25:13 INFO  com.app.main.MainApp  - 1) Display all products
[main] 2021-08-19 22:25:13 INFO  com.app.main.MainApp  - 2) Display product by product id
[main] 2021-08-19 22:25:13 INFO  com.app.main.MainApp  - 3) Display the products by product name
[main] 2021-08-19 22:25:13 INFO  com.app.main.MainApp  - 4) Display the products by type of product
[main] 2021-08-19 22:25:13 INFO  com.app.main.MainApp  - 5) Go to previous menu
[main] 2021-08-19 22:25:13 INFO  com.app.main.MainApp  - Enter your choice
[main] 2021-08-19 22:25:19 INFO  com.app.main.MainApp  - Please visit again
[main] 2021-08-19 22:25:19 INFO  com.app.main.MainApp  - Do you want to add product to cart then press 1
[main] 2021-08-19 22:25:27 INFO  com.app.main.MainApp  - 1) Search products
[main] 2021-08-19 22:25:27 INFO  com.app.main.MainApp  - 2) View orders
[main] 2021-08-19 22:25:27 INFO  com.app.main.MainApp  - 3) update status of order
[main] 2021-08-19 22:25:27 INFO  com.app.main.MainApp  - 4) logout
[main] 2021-08-19 22:25:27 INFO  com.app.main.MainApp  - Enter your Choice
[main] 2021-08-19 23:10:01 INFO  com.app.main.MainApp  - welcom to shoping app
[main] 2021-08-19 23:10:01 INFO  com.app.main.MainApp  - ==================================
[main] 2021-08-19 23:10:01 INFO  com.app.main.MainApp  - 1) Employee login
[main] 2021-08-19 23:10:01 INFO  com.app.main.MainApp  - 2) Customer login
[main] 2021-08-19 23:10:01 INFO  com.app.main.MainApp  - 3) Customer registration
[main] 2021-08-19 23:10:01 INFO  com.app.main.MainApp  - 4) Exit
[main] 2021-08-19 23:10:01 INFO  com.app.main.MainApp  - Enter your choice (1-4)
[main] 2021-08-19 23:10:04 INFO  com.app.main.MainApp  - Enter email id:
[main] 2021-08-19 23:10:20 INFO  com.app.main.MainApp  - Enter Password
[main] 2021-08-19 23:10:25 INFO  com.app.main.MainApp  - Login Successfully
[main] 2021-08-19 23:10:25 INFO  com.app.main.MainApp  - 1) Add products
[main] 2021-08-19 23:10:25 INFO  com.app.main.MainApp  - 2) view customer
[main] 2021-08-19 23:10:25 INFO  com.app.main.MainApp  - 3) Update order status 
[main] 2021-08-19 23:10:25 INFO  com.app.main.MainApp  - 4) log out
[main] 2021-08-19 23:10:25 INFO  com.app.main.MainApp  - Enter your choice...
[main] 2021-08-19 23:10:31 INFO  com.app.main.MainApp  - Enter id 
[main] 2021-08-19 23:10:43 INFO  com.app.main.MainApp  - order Status Updated
[main] 2021-08-19 23:10:43 INFO  com.app.main.MainApp  - 1) Add products
[main] 2021-08-19 23:10:43 INFO  com.app.main.MainApp  - 2) view customer
[main] 2021-08-19 23:10:43 INFO  com.app.main.MainApp  - 3) Update order status 
[main] 2021-08-19 23:10:43 INFO  com.app.main.MainApp  - 4) log out
[main] 2021-08-19 23:10:43 INFO  com.app.main.MainApp  - Enter your choice...
[main] 2021-08-19 23:10:53 INFO  com.app.main.MainApp  - For further details please login again
[main] 2021-08-19 23:10:53 INFO  com.app.main.MainApp  - 1) Employee login
[main] 2021-08-19 23:10:53 INFO  com.app.main.MainApp  - 2) Customer login
[main] 2021-08-19 23:10:53 INFO  com.app.main.MainApp  - 3) Customer registration
[main] 2021-08-19 23:10:53 INFO  com.app.main.MainApp  - 4) Exit
[main] 2021-08-19 23:10:53 INFO  com.app.main.MainApp  - Enter your choice (1-4)
[main] 2021-08-19 23:11:00 INFO  com.app.main.MainApp  - Enter email id:
[main] 2021-08-19 23:11:16 INFO  com.app.main.MainApp  - Enter Password
[main] 2021-08-19 23:11:19 INFO  com.app.main.MainApp  - Login Successfully
[main] 2021-08-19 23:11:19 INFO  com.app.main.MainApp  - Welcom krishna@gmail.comwhat you wanna do today ?
[main] 2021-08-19 23:11:19 INFO  com.app.main.MainApp  - 1) Search products
[main] 2021-08-19 23:11:19 INFO  com.app.main.MainApp  - 2) View cart
[main] 2021-08-19 23:11:19 INFO  com.app.main.MainApp  - 3) update status of order
[main] 2021-08-19 23:11:19 INFO  com.app.main.MainApp  - 4) logout
[main] 2021-08-19 23:11:19 INFO  com.app.main.MainApp  - Enter your Choice
[main] 2021-08-19 23:11:23 INFO  com.app.main.MainApp  - You have not order any item
[main] 2021-08-19 23:11:23 INFO  com.app.main.MainApp  - 1) Search products
[main] 2021-08-19 23:11:23 INFO  com.app.main.MainApp  - 2) View cart
[main] 2021-08-19 23:11:23 INFO  com.app.main.MainApp  - 3) update status of order
[main] 2021-08-19 23:11:23 INFO  com.app.main.MainApp  - 4) logout
[main] 2021-08-19 23:11:23 INFO  com.app.main.MainApp  - Enter your Choice
[main] 2021-08-19 23:12:34 INFO  com.app.main.MainApp  - welcom to shoping app
[main] 2021-08-19 23:12:34 INFO  com.app.main.MainApp  - ==================================
[main] 2021-08-19 23:12:34 INFO  com.app.main.MainApp  - 1) Employee login
[main] 2021-08-19 23:12:34 INFO  com.app.main.MainApp  - 2) Customer login
[main] 2021-08-19 23:12:34 INFO  com.app.main.MainApp  - 3) Customer registration
[main] 2021-08-19 23:12:34 INFO  com.app.main.MainApp  - 4) Exit
[main] 2021-08-19 23:12:34 INFO  com.app.main.MainApp  - Enter your choice (1-4)
[main] 2021-08-19 23:12:39 INFO  com.app.main.MainApp  - Enter email id:
[main] 2021-08-19 23:12:45 INFO  com.app.main.MainApp  - Enter Password
[main] 2021-08-19 23:12:50 INFO  com.app.main.MainApp  - Login Successfully
[main] 2021-08-19 23:12:50 INFO  com.app.main.MainApp  - Welcom krishna@gmail.comwhat you wanna do today ?
[main] 2021-08-19 23:12:50 INFO  com.app.main.MainApp  - 1) Search products
[main] 2021-08-19 23:12:50 INFO  com.app.main.MainApp  - 2) View cart
[main] 2021-08-19 23:12:50 INFO  com.app.main.MainApp  - 3) update status of order
[main] 2021-08-19 23:12:50 INFO  com.app.main.MainApp  - 4) logout
[main] 2021-08-19 23:12:50 INFO  com.app.main.MainApp  - Enter your Choice
[main] 2021-08-19 23:12:54 INFO  com.app.main.MainApp  - You have not order any item
[main] 2021-08-19 23:12:54 INFO  com.app.main.MainApp  - 1) Search products
[main] 2021-08-19 23:12:54 INFO  com.app.main.MainApp  - 2) View cart
[main] 2021-08-19 23:12:54 INFO  com.app.main.MainApp  - 3) update status of order
[main] 2021-08-19 23:12:54 INFO  com.app.main.MainApp  - 4) logout
[main] 2021-08-19 23:12:54 INFO  com.app.main.MainApp  - Enter your Choice
[main] 2021-08-19 23:13:19 INFO  com.app.main.MainApp  - welcom to shoping app
[main] 2021-08-19 23:13:19 INFO  com.app.main.MainApp  - ==================================
[main] 2021-08-19 23:13:19 INFO  com.app.main.MainApp  - 1) Employee login
[main] 2021-08-19 23:13:19 INFO  com.app.main.MainApp  - 2) Customer login
[main] 2021-08-19 23:13:19 INFO  com.app.main.MainApp  - 3) Customer registration
[main] 2021-08-19 23:13:19 INFO  com.app.main.MainApp  - 4) Exit
[main] 2021-08-19 23:13:19 INFO  com.app.main.MainApp  - Enter your choice (1-4)
[main] 2021-08-19 23:13:23 INFO  com.app.main.MainApp  - Enter email id:
[main] 2021-08-19 23:13:30 INFO  com.app.main.MainApp  - Enter Password
[main] 2021-08-19 23:13:36 INFO  com.app.main.MainApp  - Login Successfully
[main] 2021-08-19 23:13:36 INFO  com.app.main.MainApp  - Welcom krishna@gmail.comwhat you wanna do today ?
[main] 2021-08-19 23:13:36 INFO  com.app.main.MainApp  - 1) Search products
[main] 2021-08-19 23:13:36 INFO  com.app.main.MainApp  - 2) View cart
[main] 2021-08-19 23:13:36 INFO  com.app.main.MainApp  - 3) update status of order
[main] 2021-08-19 23:13:36 INFO  com.app.main.MainApp  - 4) logout
[main] 2021-08-19 23:13:36 INFO  com.app.main.MainApp  - Enter your Choice
[main] 2021-08-19 23:13:39 INFO  com.app.main.MainApp  - order Status Updated
[main] 2021-08-19 23:13:39 INFO  com.app.main.MainApp  - 1) Search products
[main] 2021-08-19 23:13:39 INFO  com.app.main.MainApp  - 2) View cart
[main] 2021-08-19 23:13:39 INFO  com.app.main.MainApp  - 3) update status of order
[main] 2021-08-19 23:13:39 INFO  com.app.main.MainApp  - 4) logout
[main] 2021-08-19 23:13:39 INFO  com.app.main.MainApp  - Enter your Choice
[main] 2021-08-20 07:53:16 INFO  com.app.main.MainApp  - welcom to shoping app
[main] 2021-08-20 07:53:16 INFO  com.app.main.MainApp  - ==================================
[main] 2021-08-20 07:53:16 INFO  com.app.main.MainApp  - 1) Employee login
[main] 2021-08-20 07:53:16 INFO  com.app.main.MainApp  - 2) Customer login
[main] 2021-08-20 07:53:16 INFO  com.app.main.MainApp  - 3) Customer registration
[main] 2021-08-20 07:53:16 INFO  com.app.main.MainApp  - 4) Exit
[main] 2021-08-20 07:53:16 INFO  com.app.main.MainApp  - Enter your choice (1-4)
[main] 2021-08-20 07:53:22 INFO  com.app.main.MainApp  - Enter your name
[main] 2021-08-20 07:53:28 INFO  com.app.main.MainApp  - Enter your email
[main] 2021-08-20 07:53:31 INFO  com.app.main.MainApp  - Enter password
[main] 2021-08-20 07:53:45 INFO  com.app.main.MainApp  - welcom to shoping app
[main] 2021-08-20 07:53:45 INFO  com.app.main.MainApp  - ==================================
[main] 2021-08-20 07:53:45 INFO  com.app.main.MainApp  - 1) Employee login
[main] 2021-08-20 07:53:45 INFO  com.app.main.MainApp  - 2) Customer login
[main] 2021-08-20 07:53:45 INFO  com.app.main.MainApp  - 3) Customer registration
[main] 2021-08-20 07:53:45 INFO  com.app.main.MainApp  - 4) Exit
[main] 2021-08-20 07:53:45 INFO  com.app.main.MainApp  - Enter your choice (1-4)
[main] 2021-08-20 07:53:51 INFO  com.app.main.MainApp  - Enter email id:
[main] 2021-08-20 07:53:57 INFO  com.app.main.MainApp  - Enter Password
[main] 2021-08-20 07:54:02 INFO  com.app.main.MainApp  - Login Successfully
[main] 2021-08-20 07:54:02 INFO  com.app.main.MainApp  - Welcom krishna@gmail.comwhat you wanna do today ?
[main] 2021-08-20 07:54:02 INFO  com.app.main.MainApp  - 1) Search products
[main] 2021-08-20 07:54:02 INFO  com.app.main.MainApp  - 2) View cart
[main] 2021-08-20 07:54:02 INFO  com.app.main.MainApp  - 3) update status of order
[main] 2021-08-20 07:54:02 INFO  com.app.main.MainApp  - 4) logout
[main] 2021-08-20 07:54:02 INFO  com.app.main.MainApp  - Enter your Choice
[main] 2021-08-20 07:54:52 INFO  com.app.main.MainApp  - welcom to shoping app
[main] 2021-08-20 07:54:52 INFO  com.app.main.MainApp  - ==================================
[main] 2021-08-20 07:54:52 INFO  com.app.main.MainApp  - 1) Employee login
[main] 2021-08-20 07:54:52 INFO  com.app.main.MainApp  - 2) Customer login
[main] 2021-08-20 07:54:52 INFO  com.app.main.MainApp  - 3) Customer registration
[main] 2021-08-20 07:54:52 INFO  com.app.main.MainApp  - 4) Exit
[main] 2021-08-20 07:54:52 INFO  com.app.main.MainApp  - Enter your choice (1-4)
[main] 2021-08-20 07:54:55 INFO  com.app.main.MainApp  - Enter email id:
[main] 2021-08-20 07:55:02 INFO  com.app.main.MainApp  - Enter Password
[main] 2021-08-20 07:55:06 INFO  com.app.main.MainApp  - Login Successfully
[main] 2021-08-20 07:55:06 INFO  com.app.main.MainApp  - Welcom krishna@gmail.comwhat you wanna do today ?
[main] 2021-08-20 07:55:06 INFO  com.app.main.MainApp  - 1) Search products
[main] 2021-08-20 07:55:06 INFO  com.app.main.MainApp  - 2) View cart
[main] 2021-08-20 07:55:06 INFO  com.app.main.MainApp  - 3) update status of order
[main] 2021-08-20 07:55:06 INFO  com.app.main.MainApp  - 4) logout
[main] 2021-08-20 07:55:06 INFO  com.app.main.MainApp  - Enter your Choice
[main] 2021-08-20 07:59:01 INFO  com.app.main.MainApp  - welcom to shoping app
[main] 2021-08-20 07:59:01 INFO  com.app.main.MainApp  - ==================================
[main] 2021-08-20 07:59:01 INFO  com.app.main.MainApp  - 1) Employee login
[main] 2021-08-20 07:59:01 INFO  com.app.main.MainApp  - 2) Customer login
[main] 2021-08-20 07:59:01 INFO  com.app.main.MainApp  - 3) Customer registration
[main] 2021-08-20 07:59:01 INFO  com.app.main.MainApp  - 4) Exit
[main] 2021-08-20 07:59:01 INFO  com.app.main.MainApp  - Enter your choice (1-4)
[main] 2021-08-20 07:59:08 INFO  com.app.main.MainApp  - Enter email id:
[main] 2021-08-20 07:59:16 INFO  com.app.main.MainApp  - Enter Password
[main] 2021-08-20 07:59:21 INFO  com.app.main.MainApp  - Login Successfully
[main] 2021-08-20 07:59:21 INFO  com.app.main.MainApp  - Welcom mourya@gmail.comwhat you wanna do today ?
[main] 2021-08-20 07:59:21 INFO  com.app.main.MainApp  - 1) Search products
[main] 2021-08-20 07:59:21 INFO  com.app.main.MainApp  - 2) View cart
[main] 2021-08-20 07:59:21 INFO  com.app.main.MainApp  - 3) update status of order
[main] 2021-08-20 07:59:21 INFO  com.app.main.MainApp  - 4) logout
[main] 2021-08-20 07:59:21 INFO  com.app.main.MainApp  - Enter your Choice
[main] 2021-08-20 08:07:32 INFO  com.app.main.MainApp  - welcom to shoping app
[main] 2021-08-20 08:07:32 INFO  com.app.main.MainApp  - ==================================
[main] 2021-08-20 08:07:32 INFO  com.app.main.MainApp  - 1) Employee login
[main] 2021-08-20 08:07:32 INFO  com.app.main.MainApp  - 2) Customer login
[main] 2021-08-20 08:07:32 INFO  com.app.main.MainApp  - 3) Customer registration
[main] 2021-08-20 08:07:32 INFO  com.app.main.MainApp  - 4) Exit
[main] 2021-08-20 08:07:32 INFO  com.app.main.MainApp  - Enter your choice (1-4)
[main] 2021-08-20 08:07:38 INFO  com.app.main.MainApp  - Enter email id:
[main] 2021-08-20 08:08:17 INFO  com.app.main.MainApp  - Enter Password
[main] 2021-08-20 08:08:24 INFO  com.app.main.MainApp  - Login Successfully
[main] 2021-08-20 08:08:24 INFO  com.app.main.MainApp  - Welcom krishna@gmail.comwhat you wanna do today ?
[main] 2021-08-20 08:08:24 INFO  com.app.main.MainApp  - 1) Search products
[main] 2021-08-20 08:08:24 INFO  com.app.main.MainApp  - 2) View cart
[main] 2021-08-20 08:08:24 INFO  com.app.main.MainApp  - 3) update status of order
[main] 2021-08-20 08:08:24 INFO  com.app.main.MainApp  - 4) logout
[main] 2021-08-20 08:08:24 INFO  com.app.main.MainApp  - Enter your Choice
[main] 2021-08-20 08:08:27 INFO  com.app.main.MainApp  - 1) Search products
[main] 2021-08-20 08:08:27 INFO  com.app.main.MainApp  - 2) View cart
[main] 2021-08-20 08:08:27 INFO  com.app.main.MainApp  - 3) update status of order
[main] 2021-08-20 08:08:27 INFO  com.app.main.MainApp  - 4) logout
[main] 2021-08-20 08:08:27 INFO  com.app.main.MainApp  - Enter your Choice
[main] 2021-08-20 08:56:10 INFO  com.app.main.MainApp  - welcom to shoping app
[main] 2021-08-20 08:56:10 INFO  com.app.main.MainApp  - ==================================
[main] 2021-08-20 08:56:10 INFO  com.app.main.MainApp  - 1) Employee login
[main] 2021-08-20 08:56:10 INFO  com.app.main.MainApp  - 2) Customer login
[main] 2021-08-20 08:56:10 INFO  com.app.main.MainApp  - 3) Customer registration
[main] 2021-08-20 08:56:10 INFO  com.app.main.MainApp  - 4) Exit
[main] 2021-08-20 08:56:10 INFO  com.app.main.MainApp  - Enter your choice (1-4)
[main] 2021-08-20 08:56:13 INFO  com.app.main.MainApp  - Enter email id:
[main] 2021-08-20 08:56:21 INFO  com.app.main.MainApp  - Enter Password
[main] 2021-08-20 08:56:27 INFO  com.app.main.MainApp  - Login Successfully
[main] 2021-08-20 08:56:27 INFO  com.app.main.MainApp  - Welcom krishna@gmail.comwhat you wanna do today ?
[main] 2021-08-20 08:56:27 INFO  com.app.main.MainApp  - 1) Search products
[main] 2021-08-20 08:56:27 INFO  com.app.main.MainApp  - 2) View cart
[main] 2021-08-20 08:56:27 INFO  com.app.main.MainApp  - 3) update status of order
[main] 2021-08-20 08:56:27 INFO  com.app.main.MainApp  - 4) logout
[main] 2021-08-20 08:56:27 INFO  com.app.main.MainApp  - Enter your Choice
[main] 2021-08-20 08:56:29 INFO  com.app.main.MainApp  - Total price of products in cart
[main] 2021-08-20 08:56:29 INFO  com.app.main.MainApp  - 56800.0
[main] 2021-08-20 08:56:29 INFO  com.app.main.MainApp  - If you want to order a product please enter 1
[main] 2021-08-20 10:08:23 INFO  com.app.main.MainApp  - welcom to shoping app
[main] 2021-08-20 10:08:23 INFO  com.app.main.MainApp  - ==================================
[main] 2021-08-20 10:08:23 INFO  com.app.main.MainApp  - 1) Employee login
[main] 2021-08-20 10:08:23 INFO  com.app.main.MainApp  - 2) Customer login
[main] 2021-08-20 10:08:23 INFO  com.app.main.MainApp  - 3) Customer registration
[main] 2021-08-20 10:08:23 INFO  com.app.main.MainApp  - 4) Exit
[main] 2021-08-20 10:08:23 INFO  com.app.main.MainApp  - Enter your choice (1-4)
[main] 2021-08-20 10:08:25 INFO  com.app.main.MainApp  - Enter email id:
[main] 2021-08-20 10:08:31 INFO  com.app.main.MainApp  - Enter Password
[main] 2021-08-20 10:08:37 INFO  com.app.main.MainApp  - Login Successfully
[main] 2021-08-20 10:08:37 INFO  com.app.main.MainApp  - Welcom abcd@gmail.comwhat you wanna do today ?
[main] 2021-08-20 10:08:37 INFO  com.app.main.MainApp  - 1) Search products
[main] 2021-08-20 10:08:37 INFO  com.app.main.MainApp  - 2) View cart
[main] 2021-08-20 10:08:37 INFO  com.app.main.MainApp  - 3) update status of order
[main] 2021-08-20 10:08:37 INFO  com.app.main.MainApp  - 4) logout
[main] 2021-08-20 10:08:37 INFO  com.app.main.MainApp  - Enter your Choice
[main] 2021-08-20 10:08:42 INFO  com.app.main.MainApp  - 1) Display all products
[main] 2021-08-20 10:08:42 INFO  com.app.main.MainApp  - 2) Display product by product id
[main] 2021-08-20 10:08:42 INFO  com.app.main.MainApp  - 3) Display the products by product name
[main] 2021-08-20 10:08:42 INFO  com.app.main.MainApp  - 4) Display the products by type of product
[main] 2021-08-20 10:08:42 INFO  com.app.main.MainApp  - 5) Go to previous menu
[main] 2021-08-20 10:08:42 INFO  com.app.main.MainApp  - Enter your choice
[main] 2021-08-20 10:08:44 INFO  com.app.main.MainApp  - Do you want to add product to cart then press 1
[main] 2021-08-20 10:08:47 INFO  com.app.main.MainApp  - Enter product id that need to add to cart
[main] 2021-08-20 10:08:54 INFO  com.app.main.MainApp  - Sucessfully added to cart
[main] 2021-08-20 10:08:54 INFO  com.app.main.MainApp  - 1) Display all products
[main] 2021-08-20 10:08:54 INFO  com.app.main.MainApp  - 2) Display product by product id
[main] 2021-08-20 10:08:54 INFO  com.app.main.MainApp  - 3) Display the products by product name
[main] 2021-08-20 10:08:54 INFO  com.app.main.MainApp  - 4) Display the products by type of product
[main] 2021-08-20 10:08:54 INFO  com.app.main.MainApp  - 5) Go to previous menu
[main] 2021-08-20 10:08:54 INFO  com.app.main.MainApp  - Enter your choice
[main] 2021-08-20 10:09:00 INFO  com.app.main.MainApp  - Please visit again
[main] 2021-08-20 10:09:00 INFO  com.app.main.MainApp  - Do you want to add product to cart then press 1
[main] 2021-08-20 10:09:06 INFO  com.app.main.MainApp  - 1) Search products
[main] 2021-08-20 10:09:06 INFO  com.app.main.MainApp  - 2) View cart
[main] 2021-08-20 10:09:06 INFO  com.app.main.MainApp  - 3) update status of order
[main] 2021-08-20 10:09:06 INFO  com.app.main.MainApp  - 4) logout
[main] 2021-08-20 10:09:06 INFO  com.app.main.MainApp  - Enter your Choice
[main] 2021-08-20 10:09:13 INFO  com.app.main.MainApp  - Total price of products in cart
[main] 2021-08-20 10:09:13 INFO  com.app.main.MainApp  - 28000.0
[main] 2021-08-20 10:09:13 INFO  com.app.main.MainApp  - If you want to order a product please enter 1
[main] 2021-08-20 10:09:26 INFO  com.app.main.MainApp  - Enter product id to order the product
[main] 2021-08-20 10:09:29 INFO  com.app.main.MainApp  - Order placed
[main] 2021-08-20 10:09:29 INFO  com.app.main.MainApp  - 1) Search products
[main] 2021-08-20 10:09:29 INFO  com.app.main.MainApp  - 2) View cart
[main] 2021-08-20 10:09:29 INFO  com.app.main.MainApp  - 3) update status of order
[main] 2021-08-20 10:09:29 INFO  com.app.main.MainApp  - 4) logout
[main] 2021-08-20 10:09:29 INFO  com.app.main.MainApp  - Enter your Choice
[main] 2021-08-20 10:09:34 INFO  com.app.main.MainApp  - Thank you for using the app please visite the again
[main] 2021-08-20 10:09:34 INFO  com.app.main.MainApp  - 1) Employee login
[main] 2021-08-20 10:09:34 INFO  com.app.main.MainApp  - 2) Customer login
[main] 2021-08-20 10:09:34 INFO  com.app.main.MainApp  - 3) Customer registration
[main] 2021-08-20 10:09:34 INFO  com.app.main.MainApp  - 4) Exit
[main] 2021-08-20 10:09:34 INFO  com.app.main.MainApp  - Enter your choice (1-4)
[main] 2021-08-20 11:22:21 INFO  com.app.main.MainApp  - welcom to shoping app
[main] 2021-08-20 11:22:22 INFO  com.app.main.MainApp  - ==================================
[main] 2021-08-20 11:22:22 INFO  com.app.main.MainApp  - 1) Employee login
[main] 2021-08-20 11:22:22 INFO  com.app.main.MainApp  - 2) Customer login
[main] 2021-08-20 11:22:22 INFO  com.app.main.MainApp  - 3) Customer registration
[main] 2021-08-20 11:22:22 INFO  com.app.main.MainApp  - 4) Exit
[main] 2021-08-20 11:22:22 INFO  com.app.main.MainApp  - Enter your choice (1-4)
[main] 2021-08-20 11:22:29 INFO  com.app.main.MainApp  - Enter email id:
[main] 2021-08-20 11:22:30 INFO  com.app.main.MainApp  - Enter Password
[main] 2021-08-20 11:33:52 INFO  com.app.main.MainApp  - welcom to shoping app
[main] 2021-08-20 11:33:52 INFO  com.app.main.MainApp  - ==================================
[main] 2021-08-20 11:33:52 INFO  com.app.main.MainApp  - 1) Employee login
[main] 2021-08-20 11:33:52 INFO  com.app.main.MainApp  - 2) Customer login
[main] 2021-08-20 11:33:52 INFO  com.app.main.MainApp  - 3) Customer registration
[main] 2021-08-20 11:33:52 INFO  com.app.main.MainApp  - 4) Exit
[main] 2021-08-20 11:33:52 INFO  com.app.main.MainApp  - Enter your choice (1-4)
[main] 2021-08-20 11:33:55 INFO  com.app.main.MainApp  - Enter email id:
[main] 2021-08-20 11:33:57 INFO  com.app.main.MainApp  - Enter Password
[main] 2021-08-20 11:34:00 INFO  com.app.main.MainApp  - 1) Employee login
[main] 2021-08-20 11:34:00 INFO  com.app.main.MainApp  - 2) Customer login
[main] 2021-08-20 11:34:00 INFO  com.app.main.MainApp  - 3) Customer registration
[main] 2021-08-20 11:34:00 INFO  com.app.main.MainApp  - 4) Exit
[main] 2021-08-20 11:34:00 INFO  com.app.main.MainApp  - Enter your choice (1-4)
[main] 2021-08-20 11:40:16 INFO  com.app.main.MainApp  - welcom to shoping app
[main] 2021-08-20 11:40:16 INFO  com.app.main.MainApp  - ==================================
[main] 2021-08-20 11:40:16 INFO  com.app.main.MainApp  - 1) Employee login
[main] 2021-08-20 11:40:16 INFO  com.app.main.MainApp  - 2) Customer login
[main] 2021-08-20 11:40:16 INFO  com.app.main.MainApp  - 3) Customer registration
[main] 2021-08-20 11:40:16 INFO  com.app.main.MainApp  - 4) Exit
[main] 2021-08-20 11:40:16 INFO  com.app.main.MainApp  - Enter your choice (1-4)
[main] 2021-08-20 11:40:18 INFO  com.app.main.MainApp  - Enter email id:
[main] 2021-08-20 11:40:20 INFO  com.app.main.MainApp  - Enter Password
[main] 2021-08-20 11:40:22 ERROR com.app.main.MainApp  - invalid emailniuf or passwordng
[main] 2021-08-20 11:40:22 INFO  com.app.main.MainApp  - 1) Employee login
[main] 2021-08-20 11:40:22 INFO  com.app.main.MainApp  - 2) Customer login
[main] 2021-08-20 11:40:22 INFO  com.app.main.MainApp  - 3) Customer registration
[main] 2021-08-20 11:40:22 INFO  com.app.main.MainApp  - 4) Exit
[main] 2021-08-20 11:40:22 INFO  com.app.main.MainApp  - Enter your choice (1-4)
[main] 2021-08-20 13:32:05 INFO  com.app.main.MainApp  - welcom to shoping app
[main] 2021-08-20 13:32:05 INFO  com.app.main.MainApp  - ==================================
[main] 2021-08-20 13:32:05 INFO  com.app.main.MainApp  - 1) Employee login
[main] 2021-08-20 13:32:05 INFO  com.app.main.MainApp  - 2) Customer login
[main] 2021-08-20 13:32:05 INFO  com.app.main.MainApp  - 3) Customer registration
[main] 2021-08-20 13:32:05 INFO  com.app.main.MainApp  - 4) Exit
[main] 2021-08-20 13:32:05 INFO  com.app.main.MainApp  - Enter your choice (1-4)
